Log file open, 03/21/22 13:51:28
LogWindows: Failed to load 'aqProf.dll' (GetLastError=126)
LogWindows: File 'aqProf.dll' does not exist
LogWindows: Failed to load 'VtuneApi.dll' (GetLastError=126)
LogWindows: File 'VtuneApi.dll' does not exist
LogWindows: Failed to load 'VtuneApi32e.dll' (GetLastError=126)
LogWindows: File 'VtuneApi32e.dll' does not exist
LogConsoleResponse: Display: Failed to find resolution value strings in scalability ini. Falling back to default.
LogConsoleResponse: Display: Failed to find resolution value strings in scalability ini. Falling back to default.
LogInit: Display: Running engine for game: Drone_explorer_aula2
LogPlatformFile: Not using cached read wrapper
LogTaskGraph: Started task graph with 5 named threads and 35 total threads with 3 sets of task threads.
LogStats: Stats thread started at 0.222142
LogICUInternationalization: ICU TimeZone Detection - Raw Offset: -3:00, Platform Override: ''
LogInit: Display: Loading text-based GConfig....
LogPluginManager: Mounting plugin MeshPainting
LogPluginManager: Mounting plugin XGEController
LogPluginManager: Mounting plugin Paper2D
LogPluginManager: Mounting plugin LiveLink
LogPluginManager: Mounting plugin AISupport
LogPluginManager: Mounting plugin EnvironmentQueryEditor
LogPluginManager: Mounting plugin LightPropagationVolume
LogPluginManager: Mounting plugin OodleData
LogPluginManager: Mounting plugin OodleNetwork
LogPluginManager: Mounting plugin AssetManagerEditor
LogPluginManager: Mounting plugin CryptoKeys
LogPluginManager: Mounting plugin CurveEditorTools
LogPluginManager: Mounting plugin DataValidation
LogPluginManager: Mounting plugin FacialAnimation
LogPluginManager: Mounting plugin GameplayTagsEditor
LogPluginManager: Mounting plugin GeometryMode
LogPluginManager: Mounting plugin AnimationSharing
LogPluginManager: Mounting plugin MaterialAnalyzer
LogPluginManager: Mounting plugin MacGraphicsSwitching
LogPluginManager: Mounting plugin MobileLauncherProfileWizard
LogPluginManager: Mounting plugin PluginBrowser
LogPluginManager: Mounting plugin SpeedTreeImporter
LogPluginManager: Mounting plugin CLionSourceCodeAccess
LogPluginManager: Mounting plugin GitSourceControl
LogPluginManager: Mounting plugin NullSourceCodeAccess
LogPluginManager: Mounting plugin PixWinPlugin
LogPluginManager: Mounting plugin PerforceSourceControl
LogPluginManager: Mounting plugin CodeLiteSourceCodeAccess
LogPluginManager: Mounting plugin KDevelopSourceCodeAccess
LogPluginManager: Mounting plugin PlasticSourceControl
LogPluginManager: Mounting plugin PluginUtils
LogPluginManager: Mounting plugin PropertyAccessNode
LogPluginManager: Mounting plugin RiderSourceCodeAccess
LogPluginManager: Mounting plugin TextureFormatOodle
LogPluginManager: Mounting plugin SubversionSourceControl
LogPluginManager: Mounting plugin UObjectPlugin
LogPluginManager: Mounting plugin VisualStudioCodeSourceCodeAccess
LogPluginManager: Mounting plugin XCodeSourceCodeAccess
LogPluginManager: Mounting plugin VisualStudioSourceCodeAccess
LogPluginManager: Mounting plugin DatasmithContent
LogPluginManager: Mounting plugin AlembicImporter
LogPluginManager: Mounting plugin AutomationUtils
LogPluginManager: Mounting plugin VariantManagerContent
LogPluginManager: Mounting plugin BackChannel
LogPluginManager: Mounting plugin ChaosCloth
LogPluginManager: Mounting plugin ChaosClothEditor
LogPluginManager: Mounting plugin ChaosNiagara
LogPluginManager: Mounting plugin ChaosEditor
LogPluginManager: Mounting plugin ChaosSolverPlugin
LogPluginManager: Mounting plugin CharacterAI
LogPluginManager: Mounting plugin Niagara
LogPluginManager: Mounting plugin AvfMedia
LogPluginManager: Mounting plugin LuminPlatformFeatures
LogPluginManager: Mounting plugin AndroidMedia
LogPluginManager: Mounting plugin MagicLeap
LogPluginManager: Mounting plugin ImgMedia
LogPluginManager: Mounting plugin MagicLeapMedia
LogPluginManager: Mounting plugin MagicLeapLightEstimation
LogPluginManager: Mounting plugin MagicLeapPassableWorld
LogPluginManager: Mounting plugin MLSDK
LogPluginManager: Mounting plugin MediaCompositing
LogPluginManager: Mounting plugin MediaPlayerEditor
LogPluginManager: Mounting plugin WmfMedia
LogPluginManager: Mounting plugin WebMMedia
LogPluginManager: Mounting plugin GeometryCache
LogPluginManager: Mounting plugin GeometryCollectionPlugin
LogPluginManager: Mounting plugin GeometryProcessing
LogPluginManager: Mounting plugin ActorSequence
LogPluginManager: Mounting plugin LevelSequenceEditor
LogPluginManager: Mounting plugin MatineeToLevelSequence
LogPluginManager: Mounting plugin MotoSynth
LogPluginManager: Mounting plugin OpenImageDenoise
LogPluginManager: Mounting plugin PlanarCut
LogPluginManager: Mounting plugin TemplateSequence
LogPluginManager: Mounting plugin PlatformCrypto
LogPluginManager: Mounting plugin ProxyLODPlugin
LogPluginManager: Mounting plugin PythonScriptPlugin
LogPluginManager: Mounting plugin TcpMessaging
LogPluginManager: Mounting plugin SkeletalReduction
LogPluginManager: Mounting plugin UdpMessaging
LogPluginManager: Mounting plugin LauncherChunkInstaller
LogPluginManager: Mounting plugin OnlineSubsystem
LogPluginManager: Mounting plugin OnlineSubsystemNull
LogPluginManager: Mounting plugin OnlineSubsystemUtils
LogPluginManager: Mounting plugin ActorLayerUtilities
LogPluginManager: Mounting plugin AndroidMoviePlayer
LogPluginManager: Mounting plugin AndroidDeviceProfileSelector
LogPluginManager: Mounting plugin AndroidPermission
LogPluginManager: Mounting plugin AppleImageUtils
LogPluginManager: Mounting plugin AppleMoviePlayer
LogPluginManager: Mounting plugin AssetTags
LogPluginManager: Mounting plugin AudioCapture
LogPluginManager: Mounting plugin ArchVisCharacter
LogPluginManager: Mounting plugin CableComponent
LogPluginManager: Mounting plugin AudioSynesthesia
LogPluginManager: Mounting plugin ChunkDownloader
LogPluginManager: Mounting plugin CustomMeshComponent
LogPluginManager: Mounting plugin EditableMesh
LogPluginManager: Mounting plugin ExampleDeviceProfileSelector
LogPluginManager: Mounting plugin GoogleCloudMessaging
LogPluginManager: Mounting plugin GooglePAD
LogPluginManager: Mounting plugin IOSDeviceProfileSelector
LogPluginManager: Mounting plugin LinuxDeviceProfileSelector
LogPluginManager: Mounting plugin ScreenshotTools
LogPluginManager: Mounting plugin LocationServicesBPLibrary
LogPluginManager: Mounting plugin MobilePatchingUtils
LogPluginManager: Mounting plugin OpenXR
LogPluginManager: Mounting plugin OpenXREyeTracker
LogPluginManager: Mounting plugin Takes
LogPluginManager: Mounting plugin OpenXRHandTracking
LogPluginManager: Mounting plugin PhysXVehicles
LogPluginManager: Mounting plugin PostSplashScreen
LogPluginManager: Mounting plugin ProceduralMeshComponent
LogPluginManager: Mounting plugin PropertyAccessEditor
LogPluginManager: Mounting plugin RuntimePhysXCooking
LogPluginManager: Mounting plugin SignificanceManager
LogPluginManager: Mounting plugin SoundFields
LogPluginManager: Mounting plugin Synthesis
LogPluginManager: Mounting plugin WebMMoviePlayer
LogPluginManager: Mounting plugin WindowsMoviePlayer
LogPluginManager: Mounting plugin CameraShakePreviewer
LogPluginManager: Mounting plugin GameplayCameras
LogPluginManager: Mounting plugin ContentBrowserAssetDataSource
LogPluginManager: Mounting plugin ContentBrowserClassDataSource
LogPluginManager: Mounting plugin ContentBrowserFileDataSource
LogPluginManager: Mounting plugin OnlineSubsystemIOS
LogPluginManager: Mounting plugin OnlineSubsystemGooglePlay
LogPluginManager: Mounting plugin OculusVR
LogPluginManager: Mounting plugin SteamVR
PixWinPlugin: PIX capture plugin failed to initialize! Check that the process is launched from PIX.
LogLuminAPIImpl: Warning: MLSDK not found.  This likely means the MLSDK environment variable is not set.
LogInit: Using libcurl 7.55.1-DEV
LogInit:  - built for x86_64-pc-win32
LogInit:  - supports SSL with OpenSSL/1.1.1
LogInit:  - supports HTTP deflate (compression) using libz 1.2.8
LogInit:  - other features:
LogInit:      CURL_VERSION_SSL
LogInit:      CURL_VERSION_LIBZ
LogInit:      CURL_VERSION_IPV6
LogInit:      CURL_VERSION_ASYNCHDNS
LogInit:      CURL_VERSION_LARGEFILE
LogInit:      CURL_VERSION_IDN
LogInit:  CurlRequestOptions (configurable via config and command line):
LogInit:  - bVerifyPeer = true  - Libcurl will verify peer certificate
LogInit:  - bUseHttpProxy = false  - Libcurl will NOT use HTTP proxy
LogInit:  - bDontReuseConnections = false  - Libcurl will reuse connections
LogInit:  - MaxHostConnections = 16  - Libcurl will limit the number of connections to a host
LogInit:  - LocalHostAddr = Default
LogInit:  - BufferSize = 65536
LogOnline: OSS: Creating online subsystem instance for: NULL
LogInit: WinSock: version 1.1 (2.2), MaxSocks=32767, MaxUdp=65467
LogOnline: OSS: TryLoadSubsystemAndSetDefault: Loaded subsystem for module [NULL]
LogOculusPluginWrapper: OculusPlugin initialized successfully
LogHMD: Failed initializing OVRPlugin 1.59.0
LogInit: Build: ++UE4+Release-4.27-CL-18319896
LogInit: Engine Version: 4.27.2-18319896+++UE4+Release-4.27
LogInit: Compatible Engine Version: 4.27.0-17155196+++UE4+Release-4.27
LogInit: Net CL: 17155196
LogInit: OS: Windows 10 (Release 2009) (), CPU: Intel(R) Core(TM) i7-8700 CPU @ 3.20GHz, GPU: NVIDIA GeForce GTX 1050 Ti
LogInit: Compiled (64-bit): Nov 30 2021 07:12:08
LogInit: Compiled with Visual C++: 19.24.28315.00
LogInit: Build Configuration: Development
LogInit: Branch Name: ++UE4+Release-4.27
LogInit: Command Line: 
LogInit: Base Directory: C:/Program Files (x86)/Epic Games/UE_4.27/Engine/Binaries/Win64/
LogInit: Allocator: TBB
LogInit: Installed Engine Build: 1
LogDevObjectVersion: Number of dev versions registered: 29
LogDevObjectVersion:   Dev-Blueprints (B0D832E4-1F89-4F0D-ACCF-7EB736FD4AA2): 10
LogDevObjectVersion:   Dev-Build (E1C64328-A22C-4D53-A36C-8E866417BD8C): 0
LogDevObjectVersion:   Dev-Core (375EC13C-06E4-48FB-B500-84F0262A717E): 4
LogDevObjectVersion:   Dev-Editor (E4B068ED-F494-42E9-A231-DA0B2E46BB41): 40
LogDevObjectVersion:   Dev-Framework (CFFC743F-43B0-4480-9391-14DF171D2073): 37
LogDevObjectVersion:   Dev-Mobile (B02B49B5-BB20-44E9-A304-32B752E40360): 3
LogDevObjectVersion:   Dev-Networking (A4E4105C-59A1-49B5-A7C5-40C4547EDFEE): 0
LogDevObjectVersion:   Dev-Online (39C831C9-5AE6-47DC-9A44-9C173E1C8E7C): 0
LogDevObjectVersion:   Dev-Physics (78F01B33-EBEA-4F98-B9B4-84EACCB95AA2): 14
LogDevObjectVersion:   Dev-Platform (6631380F-2D4D-43E0-8009-CF276956A95A): 0
LogDevObjectVersion:   Dev-Rendering (12F88B9F-8875-4AFC-A67C-D90C383ABD29): 45
LogDevObjectVersion:   Dev-Sequencer (7B5AE74C-D270-4C10-A958-57980B212A5A): 13
LogDevObjectVersion:   Dev-VR (D7296918-1DD6-4BDD-9DE2-64A83CC13884): 3
LogDevObjectVersion:   Dev-LoadTimes (C2A15278-BFE7-4AFE-6C17-90FF531DF755): 1
LogDevObjectVersion:   Private-Geometry (6EACA3D4-40EC-4CC1-B786-8BED09428FC5): 3
LogDevObjectVersion:   Dev-AnimPhys (29E575DD-E0A3-4627-9D10-D276232CDCEA): 17
LogDevObjectVersion:   Dev-Anim (AF43A65D-7FD3-4947-9873-3E8ED9C1BB05): 15
LogDevObjectVersion:   Dev-ReflectionCapture (6B266CEC-1EC7-4B8F-A30B-E4D90942FC07): 1
LogDevObjectVersion:   Dev-Automation (0DF73D61-A23F-47EA-B727-89E90C41499A): 1
LogDevObjectVersion:   FortniteMain (601D1886-AC64-4F84-AA16-D3DE0DEAC7D6): 47
LogDevObjectVersion:   FortniteRelease (E7086368-6B23-4C58-8439-1B7016265E91): 1
LogDevObjectVersion:   Dev-Enterprise (9DFFBCD6-494F-0158-E221-12823C92A888): 10
LogDevObjectVersion:   Dev-Niagara (F2AED0AC-9AFE-416F-8664-AA7FFA26D6FC): 1
LogDevObjectVersion:   Dev-Destruction (174F1F0B-B4C6-45A5-B13F-2EE8D0FB917D): 10
LogDevObjectVersion:   Dev-Physics-Ext (35F94A83-E258-406C-A318-09F59610247C): 41
LogDevObjectVersion:   Dev-PhysicsMaterial-Chaos (B68FC16E-8B1B-42E2-B453-215C058844FE): 1
LogDevObjectVersion:   Dev-CineCamera (B2E18506-4273-CFC2-A54E-F4BB758BBA07): 1
LogDevObjectVersion:   Dev-VirtualProduction (64F58936-FD1B-42BA-BA96-7289D5D0FA4E): 1
LogDevObjectVersion:   Dev-MediaFramework (6F0ED827-A609-4895-9C91-998D90180EA4): 2
LogInit: Presizing for max 25165824 objects, including 0 objects not considered by GC, pre-allocating 0 bytes for permanent pool.
LogConfig: Applying CVar settings from Section [/Script/Engine.StreamingSettings] File [C:/Users/21010641/Documents/GitHub/projeto_2/Drone_explorer_aula2/Saved/Config/Windows/Engine.ini]
LogConfig: Setting CVar [[s.MinBulkDataSizeForAsyncLoading:131072]]
LogConfig: Setting CVar [[s.AsyncLoadingThreadEnabled:0]]
LogConfig: Setting CVar [[s.EventDrivenLoaderEnabled:1]]
LogConfig: Setting CVar [[s.WarnIfTimeLimitExceeded:0]]
LogConfig: Setting CVar [[s.TimeLimitExceededMultiplier:1.5]]
LogConfig: Setting CVar [[s.TimeLimitExceededMinTime:0.005]]
LogConfig: Setting CVar [[s.UseBackgroundLevelStreaming:1]]
LogConfig: Setting CVar [[s.PriorityAsyncLoadingExtraTime:15.0]]
LogConfig: Setting CVar [[s.LevelStreamingActorsUpdateTimeLimit:5.0]]
LogConfig: Setting CVar [[s.PriorityLevelStreamingActorsUpdateExtraTime:5.0]]
LogConfig: Setting CVar [[s.LevelStreamingComponentsRegistrationGranularity:10]]
LogConfig: Setting CVar [[s.UnregisterComponentsTimeLimit:1.0]]
LogConfig: Setting CVar [[s.LevelStreamingComponentsUnregistrationGranularity:5]]
LogConfig: Setting CVar [[s.FlushStreamingOnExit:1]]
LogInit: Object subsystem initialized
LogConfig: Setting CVar [[con.DebugEarlyDefault:1]]
LogConfig: Setting CVar [[r.setres:1280x720]]
[2022.03.21-16.51.28:533][  0]LogConfig: Setting CVar [[r.VSync:0]]
[2022.03.21-16.51.28:533][  0]LogConfig: Setting CVar [[r.RHICmdBypass:0]]
[2022.03.21-16.51.28:533][  0]LogConfig: Applying CVar settings from Section [/Script/Engine.RendererSettings] File [C:/Users/21010641/Documents/GitHub/projeto_2/Drone_explorer_aula2/Saved/Config/Windows/Engine.ini]
[2022.03.21-16.51.28:533][  0]LogConfig: Setting CVar [[r.GPUCrashDebugging:0]]
[2022.03.21-16.51.28:533][  0]LogConfig: Applying CVar settings from Section [/Script/Engine.RendererOverrideSettings] File [C:/Users/21010641/Documents/GitHub/projeto_2/Drone_explorer_aula2/Saved/Config/Windows/Engine.ini]
[2022.03.21-16.51.28:533][  0]LogConfig: Applying CVar settings from Section [/Script/Engine.StreamingSettings] File [C:/Users/21010641/Documents/GitHub/projeto_2/Drone_explorer_aula2/Saved/Config/Windows/Engine.ini]
[2022.03.21-16.51.28:533][  0]LogConfig: Setting CVar [[s.MinBulkDataSizeForAsyncLoading:131072]]
[2022.03.21-16.51.28:533][  0]LogConfig: Setting CVar [[s.AsyncLoadingThreadEnabled:0]]
[2022.03.21-16.51.28:533][  0]LogConfig: Setting CVar [[s.EventDrivenLoaderEnabled:1]]
[2022.03.21-16.51.28:533][  0]LogConfig: Setting CVar [[s.WarnIfTimeLimitExceeded:0]]
[2022.03.21-16.51.28:533][  0]LogConfig: Setting CVar [[s.TimeLimitExceededMultiplier:1.5]]
[2022.03.21-16.51.28:533][  0]LogConfig: Setting CVar [[s.TimeLimitExceededMinTime:0.005]]
[2022.03.21-16.51.28:533][  0]LogConfig: Setting CVar [[s.UseBackgroundLevelStreaming:1]]
[2022.03.21-16.51.28:533][  0]LogConfig: Setting CVar [[s.PriorityAsyncLoadingExtraTime:15.0]]
[2022.03.21-16.51.28:533][  0]LogConfig: Setting CVar [[s.LevelStreamingActorsUpdateTimeLimit:5.0]]
[2022.03.21-16.51.28:533][  0]LogConfig: Setting CVar [[s.PriorityLevelStreamingActorsUpdateExtraTime:5.0]]
[2022.03.21-16.51.28:533][  0]LogConfig: Setting CVar [[s.LevelStreamingComponentsRegistrationGranularity:10]]
[2022.03.21-16.51.28:533][  0]LogConfig: Setting CVar [[s.UnregisterComponentsTimeLimit:1.0]]
[2022.03.21-16.51.28:533][  0]LogConfig: Setting CVar [[s.LevelStreamingComponentsUnregistrationGranularity:5]]
[2022.03.21-16.51.28:533][  0]LogConfig: Setting CVar [[s.FlushStreamingOnExit:1]]
[2022.03.21-16.51.28:533][  0]LogConfig: Applying CVar settings from Section [/Script/Engine.GarbageCollectionSettings] File [C:/Users/21010641/Documents/GitHub/projeto_2/Drone_explorer_aula2/Saved/Config/Windows/Engine.ini]
[2022.03.21-16.51.28:533][  0]LogConfig: Setting CVar [[gc.MaxObjectsNotConsideredByGC:1]]
[2022.03.21-16.51.28:533][  0]LogConfig: Setting CVar [[gc.SizeOfPermanentObjectPool:0]]
[2022.03.21-16.51.28:533][  0]LogConfig: Setting CVar [[gc.FlushStreamingOnGC:0]]
[2022.03.21-16.51.28:533][  0]LogConfig: Setting CVar [[gc.NumRetriesBeforeForcingGC:10]]
[2022.03.21-16.51.28:533][  0]LogConfig: Setting CVar [[gc.AllowParallelGC:1]]
[2022.03.21-16.51.28:533][  0]LogConfig: Setting CVar [[gc.TimeBetweenPurgingPendingKillObjects:61.1]]
[2022.03.21-16.51.28:533][  0]LogConfig: Setting CVar [[gc.MaxObjectsInEditor:25165824]]
[2022.03.21-16.51.28:533][  0]LogConfig: Setting CVar [[gc.IncrementalBeginDestroyEnabled:1]]
[2022.03.21-16.51.28:533][  0]LogConfig: Setting CVar [[gc.CreateGCClusters:1]]
[2022.03.21-16.51.28:533][  0]LogConfig: Setting CVar [[gc.MinGCClusterSize:5]]
[2022.03.21-16.51.28:533][  0]LogConfig: Setting CVar [[gc.ActorClusteringEnabled:0]]
[2022.03.21-16.51.28:533][  0]LogConfig: Setting CVar [[gc.BlueprintClusteringEnabled:0]]
[2022.03.21-16.51.28:533][  0]LogConfig: Setting CVar [[gc.UseDisregardForGCOnDedicatedServers:0]]
[2022.03.21-16.51.28:533][  0]LogConfig: Setting CVar [[gc.MultithreadedDestructionEnabled:1]]
[2022.03.21-16.51.28:533][  0]LogConfig: Applying CVar settings from Section [/Script/Engine.NetworkSettings] File [C:/Users/21010641/Documents/GitHub/projeto_2/Drone_explorer_aula2/Saved/Config/Windows/Engine.ini]
[2022.03.21-16.51.28:534][  0]LogConfig: Applying CVar settings from Section [/Script/UnrealEd.CookerSettings] File [C:/Users/21010641/Documents/GitHub/projeto_2/Drone_explorer_aula2/Saved/Config/Windows/Engine.ini]
[2022.03.21-16.51.28:540][  0]LogConfig: Applying CVar settings from Section [ViewDistanceQuality@3] File [C:/Users/21010641/Documents/GitHub/projeto_2/Drone_explorer_aula2/Saved/Config/Windows/Scalability.ini]
[2022.03.21-16.51.28:540][  0]LogConfig: Setting CVar [[r.SkeletalMeshLODBias:0]]
[2022.03.21-16.51.28:540][  0]LogConfig: Setting CVar [[r.ViewDistanceScale:1.0]]
[2022.03.21-16.51.28:540][  0]LogConfig: Applying CVar settings from Section [AntiAliasingQuality@3] File [C:/Users/21010641/Documents/GitHub/projeto_2/Drone_explorer_aula2/Saved/Config/Windows/Scalability.ini]
[2022.03.21-16.51.28:540][  0]LogConfig: Setting CVar [[r.PostProcessAAQuality:4]]
[2022.03.21-16.51.28:540][  0]LogConfig: Applying CVar settings from Section [ShadowQuality@3] File [C:/Users/21010641/Documents/GitHub/projeto_2/Drone_explorer_aula2/Saved/Config/Windows/Scalability.ini]
[2022.03.21-16.51.28:540][  0]LogConfig: Setting CVar [[r.LightFunctionQuality:1]]
[2022.03.21-16.51.28:540][  0]LogConfig: Setting CVar [[r.ShadowQuality:5]]
[2022.03.21-16.51.28:540][  0]LogConfig: Setting CVar [[r.Shadow.CSM.MaxCascades:10]]
[2022.03.21-16.51.28:540][  0]LogConfig: Setting CVar [[r.Shadow.MaxResolution:2048]]
[2022.03.21-16.51.28:540][  0]LogConfig: Setting CVar [[r.Shadow.MaxCSMResolution:2048]]
[2022.03.21-16.51.28:540][  0]LogConfig: Setting CVar [[r.Shadow.RadiusThreshold:0.01]]
[2022.03.21-16.51.28:540][  0]LogConfig: Setting CVar [[r.Shadow.DistanceScale:1.0]]
[2022.03.21-16.51.28:540][  0]LogConfig: Setting CVar [[r.Shadow.CSM.TransitionScale:1.0]]
[2022.03.21-16.51.28:540][  0]LogConfig: Setting CVar [[r.Shadow.PreShadowResolutionFactor:1.0]]
[2022.03.21-16.51.28:540][  0]LogConfig: Setting CVar [[r.DistanceFieldShadowing:1]]
[2022.03.21-16.51.28:540][  0]LogConfig: Setting CVar [[r.DistanceFieldAO:1]]
[2022.03.21-16.51.28:540][  0]LogConfig: Setting CVar [[r.AOQuality:2]]
[2022.03.21-16.51.28:540][  0]LogConfig: Setting CVar [[r.VolumetricFog:1]]
[2022.03.21-16.51.28:540][  0]LogConfig: Setting CVar [[r.VolumetricFog.GridPixelSize:8]]
[2022.03.21-16.51.28:540][  0]LogConfig: Setting CVar [[r.VolumetricFog.GridSizeZ:128]]
[2022.03.21-16.51.28:540][  0]LogConfig: Setting CVar [[r.VolumetricFog.HistoryMissSupersampleCount:4]]
[2022.03.21-16.51.28:540][  0]LogConfig: Setting CVar [[r.LightMaxDrawDistanceScale:1]]
[2022.03.21-16.51.28:540][  0]LogConfig: Setting CVar [[r.CapsuleShadows:1]]
[2022.03.21-16.51.28:540][  0]LogConfig: Applying CVar settings from Section [PostProcessQuality@3] File [C:/Users/21010641/Documents/GitHub/projeto_2/Drone_explorer_aula2/Saved/Config/Windows/Scalability.ini]
[2022.03.21-16.51.28:540][  0]LogConfig: Setting CVar [[r.MotionBlurQuality:4]]
[2022.03.21-16.51.28:540][  0]LogConfig: Setting CVar [[r.AmbientOcclusionMipLevelFactor:0.4]]
[2022.03.21-16.51.28:540][  0]LogConfig: Setting CVar [[r.AmbientOcclusionMaxQuality:100]]
[2022.03.21-16.51.28:540][  0]LogConfig: Setting CVar [[r.AmbientOcclusionLevels:-1]]
[2022.03.21-16.51.28:540][  0]LogConfig: Setting CVar [[r.AmbientOcclusionRadiusScale:1.0]]
[2022.03.21-16.51.28:540][  0]LogConfig: Setting CVar [[r.DepthOfFieldQuality:2]]
[2022.03.21-16.51.28:540][  0]LogConfig: Setting CVar [[r.RenderTargetPoolMin:400]]
[2022.03.21-16.51.28:540][  0]LogConfig: Setting CVar [[r.LensFlareQuality:2]]
[2022.03.21-16.51.28:540][  0]LogConfig: Setting CVar [[r.SceneColorFringeQuality:1]]
[2022.03.21-16.51.28:540][  0]LogConfig: Setting CVar [[r.EyeAdaptationQuality:2]]
[2022.03.21-16.51.28:540][  0]LogConfig: Setting CVar [[r.BloomQuality:5]]
[2022.03.21-16.51.28:540][  0]LogConfig: Setting CVar [[r.FastBlurThreshold:100]]
[2022.03.21-16.51.28:540][  0]LogConfig: Setting CVar [[r.Upscale.Quality:3]]
[2022.03.21-16.51.28:540][  0]LogConfig: Setting CVar [[r.Tonemapper.GrainQuantization:1]]
[2022.03.21-16.51.28:540][  0]LogConfig: Setting CVar [[r.LightShaftQuality:1]]
[2022.03.21-16.51.28:540][  0]LogConfig: Setting CVar [[r.Filter.SizeScale:1]]
[2022.03.21-16.51.28:540][  0]LogConfig: Setting CVar [[r.Tonemapper.Quality:5]]
[2022.03.21-16.51.28:541][  0]LogConfig: Setting CVar [[r.DOF.Gather.AccumulatorQuality:1        ; higher gathering accumulator quality]]
[2022.03.21-16.51.28:541][  0]LogConfig: Setting CVar [[r.DOF.Gather.PostfilterMethod:1          ; Median3x3 postfilering method]]
[2022.03.21-16.51.28:541][  0]LogConfig: Setting CVar [[r.DOF.Gather.EnableBokehSettings:0       ; no bokeh simulation when gathering]]
[2022.03.21-16.51.28:541][  0]LogConfig: Setting CVar [[r.DOF.Gather.RingCount:4                 ; medium number of samples when gathering]]
[2022.03.21-16.51.28:541][  0]LogConfig: Setting CVar [[r.DOF.Scatter.ForegroundCompositing:1    ; additive foreground scattering]]
[2022.03.21-16.51.28:541][  0]LogConfig: Setting CVar [[r.DOF.Scatter.BackgroundCompositing:2    ; additive background scattering]]
[2022.03.21-16.51.28:541][  0]LogConfig: Setting CVar [[r.DOF.Scatter.EnableBokehSettings:1      ; bokeh simulation when scattering]]
[2022.03.21-16.51.28:541][  0]LogConfig: Setting CVar [[r.DOF.Scatter.MaxSpriteRatio:0.1         ; only a maximum of 10% of scattered bokeh]]
[2022.03.21-16.51.28:541][  0]LogConfig: Setting CVar [[r.DOF.Recombine.Quality:1                ; cheap slight out of focus]]
[2022.03.21-16.51.28:541][  0]LogConfig: Setting CVar [[r.DOF.Recombine.EnableBokehSettings:0    ; no bokeh simulation on slight out of focus]]
[2022.03.21-16.51.28:541][  0]LogConfig: Setting CVar [[r.DOF.TemporalAAQuality:1                ; more stable temporal accumulation]]
[2022.03.21-16.51.28:541][  0]LogConfig: Setting CVar [[r.DOF.Kernel.MaxForegroundRadius:0.025]]
[2022.03.21-16.51.28:541][  0]LogConfig: Setting CVar [[r.DOF.Kernel.MaxBackgroundRadius:0.025]]
[2022.03.21-16.51.28:541][  0]LogConfig: Applying CVar settings from Section [TextureQuality@3] File [C:/Users/21010641/Documents/GitHub/projeto_2/Drone_explorer_aula2/Saved/Config/Windows/Scalability.ini]
[2022.03.21-16.51.28:541][  0]LogConfig: Setting CVar [[r.Streaming.MipBias:0]]
[2022.03.21-16.51.28:541][  0]LogConfig: Setting CVar [[r.Streaming.AmortizeCPUToGPUCopy:0]]
[2022.03.21-16.51.28:541][  0]LogConfig: Setting CVar [[r.Streaming.MaxNumTexturesToStreamPerFrame:0]]
[2022.03.21-16.51.28:541][  0]LogConfig: Setting CVar [[r.Streaming.Boost:1]]
[2022.03.21-16.51.28:541][  0]LogConfig: Setting CVar [[r.MaxAnisotropy:8]]
[2022.03.21-16.51.28:541][  0]LogConfig: Setting CVar [[r.VT.MaxAnisotropy:8]]
[2022.03.21-16.51.28:541][  0]LogConfig: Setting CVar [[r.Streaming.LimitPoolSizeToVRAM:0]]
[2022.03.21-16.51.28:541][  0]LogConfig: Setting CVar [[r.Streaming.PoolSize:1000]]
[2022.03.21-16.51.28:541][  0]LogConfig: Setting CVar [[r.Streaming.MaxEffectiveScreenSize:0]]
[2022.03.21-16.51.28:541][  0]LogConfig: Applying CVar settings from Section [EffectsQuality@3] File [C:/Users/21010641/Documents/GitHub/projeto_2/Drone_explorer_aula2/Saved/Config/Windows/Scalability.ini]
[2022.03.21-16.51.28:541][  0]LogConfig: Setting CVar [[r.TranslucencyLightingVolumeDim:64]]
[2022.03.21-16.51.28:541][  0]LogConfig: Setting CVar [[r.RefractionQuality:2]]
[2022.03.21-16.51.28:541][  0]LogConfig: Setting CVar [[r.SSR.Quality:3]]
[2022.03.21-16.51.28:541][  0]LogConfig: Setting CVar [[r.SSR.HalfResSceneColor:0]]
[2022.03.21-16.51.28:541][  0]LogConfig: Setting CVar [[r.SceneColorFormat:4]]
[2022.03.21-16.51.28:541][  0]LogConfig: Setting CVar [[r.DetailMode:2]]
[2022.03.21-16.51.28:541][  0]LogConfig: Setting CVar [[r.TranslucencyVolumeBlur:1]]
[2022.03.21-16.51.28:541][  0]LogConfig: Setting CVar [[r.MaterialQualityLevel:1 ; High quality]]
[2022.03.21-16.51.28:541][  0]LogConfig: Setting CVar [[r.AnisotropicMaterials:1]]
[2022.03.21-16.51.28:541][  0]LogConfig: Setting CVar [[r.SSS.Scale:1]]
[2022.03.21-16.51.28:541][  0]LogConfig: Setting CVar [[r.SSS.SampleSet:2]]
[2022.03.21-16.51.28:541][  0]LogConfig: Setting CVar [[r.SSS.Quality:1]]
[2022.03.21-16.51.28:541][  0]LogConfig: Setting CVar [[r.SSS.HalfRes:0]]
[2022.03.21-16.51.28:541][  0]LogConfig: Setting CVar [[r.SSGI.Quality:3]]
[2022.03.21-16.51.28:541][  0]LogConfig: Setting CVar [[r.EmitterSpawnRateScale:1.0]]
[2022.03.21-16.51.28:541][  0]LogConfig: Setting CVar [[r.ParticleLightQuality:2]]
[2022.03.21-16.51.28:541][  0]LogConfig: Setting CVar [[r.SkyAtmosphere.AerialPerspectiveLUT.FastApplyOnOpaque:1 ; Always have FastSkyLUT 1 in this case to avoid wrong sky]]
[2022.03.21-16.51.28:541][  0]LogConfig: Setting CVar [[r.SkyAtmosphere.AerialPerspectiveLUT.SampleCountMaxPerSlice:4]]
[2022.03.21-16.51.28:541][  0]LogConfig: Setting CVar [[r.SkyAtmosphere.AerialPerspectiveLUT.DepthResolution:16.0]]
[2022.03.21-16.51.28:541][  0]LogConfig: Setting CVar [[r.SkyAtmosphere.FastSkyLUT:1]]
[2022.03.21-16.51.28:541][  0]LogConfig: Setting CVar [[r.SkyAtmosphere.FastSkyLUT.SampleCountMin:4.0]]
[2022.03.21-16.51.28:541][  0]LogConfig: Setting CVar [[r.SkyAtmosphere.FastSkyLUT.SampleCountMax:128.0]]
[2022.03.21-16.51.28:541][  0]LogConfig: Setting CVar [[r.SkyAtmosphere.SampleCountMin:4.0]]
[2022.03.21-16.51.28:541][  0]LogConfig: Setting CVar [[r.SkyAtmosphere.SampleCountMax:128.0]]
[2022.03.21-16.51.28:541][  0]LogConfig: Setting CVar [[r.SkyAtmosphere.TransmittanceLUT.UseSmallFormat:0]]
[2022.03.21-16.51.28:541][  0]LogConfig: Setting CVar [[r.SkyAtmosphere.TransmittanceLUT.SampleCount:10.0]]
[2022.03.21-16.51.28:541][  0]LogConfig: Setting CVar [[r.SkyAtmosphere.MultiScatteringLUT.SampleCount:15.0]]
[2022.03.21-16.51.28:541][  0]LogConfig: Setting CVar [[r.SkyLight.RealTimeReflectionCapture:1]]
[2022.03.21-16.51.28:541][  0]LogConfig: Applying CVar settings from Section [FoliageQuality@3] File [C:/Users/21010641/Documents/GitHub/projeto_2/Drone_explorer_aula2/Saved/Config/Windows/Scalability.ini]
[2022.03.21-16.51.28:541][  0]LogConfig: Setting CVar [[foliage.DensityScale:1.0]]
[2022.03.21-16.51.28:541][  0]LogConfig: Setting CVar [[grass.DensityScale:1.0]]
[2022.03.21-16.51.28:541][  0]LogConfig: Applying CVar settings from Section [ShadingQuality@3] File [C:/Users/21010641/Documents/GitHub/projeto_2/Drone_explorer_aula2/Saved/Config/Windows/Scalability.ini]
[2022.03.21-16.51.28:541][  0]LogConfig: Setting CVar [[r.HairStrands.SkyLighting.IntegrationType:2]]
[2022.03.21-16.51.28:541][  0]LogConfig: Setting CVar [[r.HairStrands.SkyAO.SampleCount:4]]
[2022.03.21-16.51.28:541][  0]LogConfig: Setting CVar [[r.HairStrands.Visibility.MSAA.SamplePerPixel:4]]
[2022.03.21-16.51.28:541][  0]LogInit: Selected Device Profile: [Windows]
[2022.03.21-16.51.28:541][  0]LogInit: Applying CVar settings loaded from the selected device profile: [Windows]
[2022.03.21-16.51.28:541][  0]LogHAL: Display: Platform has ~ 16 GB [16973533184 / 17179869184 / 16], which maps to Larger [LargestMinGB=32, LargerMinGB=12, DefaultMinGB=8, SmallerMinGB=6, SmallestMinGB=0)
[2022.03.21-16.51.28:541][  0]LogInit: Going up to parent DeviceProfile []
[2022.03.21-16.51.28:541][  0]LogConfig: Applying CVar settings from Section [ViewDistanceQuality@3] File [C:/Users/21010641/Documents/GitHub/projeto_2/Drone_explorer_aula2/Saved/Config/Windows/Scalability.ini]
[2022.03.21-16.51.28:541][  0]LogConfig: Setting CVar [[r.SkeletalMeshLODBias:0]]
[2022.03.21-16.51.28:541][  0]LogConfig: Setting CVar [[r.ViewDistanceScale:1.0]]
[2022.03.21-16.51.28:541][  0]LogConfig: Applying CVar settings from Section [AntiAliasingQuality@3] File [C:/Users/21010641/Documents/GitHub/projeto_2/Drone_explorer_aula2/Saved/Config/Windows/Scalability.ini]
[2022.03.21-16.51.28:541][  0]LogConfig: Setting CVar [[r.PostProcessAAQuality:4]]
[2022.03.21-16.51.28:541][  0]LogConfig: Applying CVar settings from Section [ShadowQuality@3] File [C:/Users/21010641/Documents/GitHub/projeto_2/Drone_explorer_aula2/Saved/Config/Windows/Scalability.ini]
[2022.03.21-16.51.28:541][  0]LogConfig: Setting CVar [[r.LightFunctionQuality:1]]
[2022.03.21-16.51.28:541][  0]LogConfig: Setting CVar [[r.ShadowQuality:5]]
[2022.03.21-16.51.28:541][  0]LogConfig: Setting CVar [[r.Shadow.CSM.MaxCascades:10]]
[2022.03.21-16.51.28:541][  0]LogConfig: Setting CVar [[r.Shadow.MaxResolution:2048]]
[2022.03.21-16.51.28:541][  0]LogConfig: Setting CVar [[r.Shadow.MaxCSMResolution:2048]]
[2022.03.21-16.51.28:541][  0]LogConfig: Setting CVar [[r.Shadow.RadiusThreshold:0.01]]
[2022.03.21-16.51.28:541][  0]LogConfig: Setting CVar [[r.Shadow.DistanceScale:1.0]]
[2022.03.21-16.51.28:541][  0]LogConfig: Setting CVar [[r.Shadow.CSM.TransitionScale:1.0]]
[2022.03.21-16.51.28:541][  0]LogConfig: Setting CVar [[r.Shadow.PreShadowResolutionFactor:1.0]]
[2022.03.21-16.51.28:541][  0]LogConfig: Setting CVar [[r.DistanceFieldShadowing:1]]
[2022.03.21-16.51.28:541][  0]LogConfig: Setting CVar [[r.DistanceFieldAO:1]]
[2022.03.21-16.51.28:541][  0]LogConfig: Setting CVar [[r.AOQuality:2]]
[2022.03.21-16.51.28:541][  0]LogConfig: Setting CVar [[r.VolumetricFog:1]]
[2022.03.21-16.51.28:541][  0]LogConfig: Setting CVar [[r.VolumetricFog.GridPixelSize:8]]
[2022.03.21-16.51.28:542][  0]LogConfig: Setting CVar [[r.VolumetricFog.GridSizeZ:128]]
[2022.03.21-16.51.28:542][  0]LogConfig: Setting CVar [[r.VolumetricFog.HistoryMissSupersampleCount:4]]
[2022.03.21-16.51.28:542][  0]LogConfig: Setting CVar [[r.LightMaxDrawDistanceScale:1]]
[2022.03.21-16.51.28:542][  0]LogConfig: Setting CVar [[r.CapsuleShadows:1]]
[2022.03.21-16.51.28:542][  0]LogConfig: Applying CVar settings from Section [PostProcessQuality@3] File [C:/Users/21010641/Documents/GitHub/projeto_2/Drone_explorer_aula2/Saved/Config/Windows/Scalability.ini]
[2022.03.21-16.51.28:542][  0]LogConfig: Setting CVar [[r.MotionBlurQuality:4]]
[2022.03.21-16.51.28:542][  0]LogConfig: Setting CVar [[r.AmbientOcclusionMipLevelFactor:0.4]]
[2022.03.21-16.51.28:542][  0]LogConfig: Setting CVar [[r.AmbientOcclusionMaxQuality:100]]
[2022.03.21-16.51.28:542][  0]LogConfig: Setting CVar [[r.AmbientOcclusionLevels:-1]]
[2022.03.21-16.51.28:542][  0]LogConfig: Setting CVar [[r.AmbientOcclusionRadiusScale:1.0]]
[2022.03.21-16.51.28:542][  0]LogConfig: Setting CVar [[r.DepthOfFieldQuality:2]]
[2022.03.21-16.51.28:542][  0]LogConfig: Setting CVar [[r.RenderTargetPoolMin:400]]
[2022.03.21-16.51.28:542][  0]LogConfig: Setting CVar [[r.LensFlareQuality:2]]
[2022.03.21-16.51.28:542][  0]LogConfig: Setting CVar [[r.SceneColorFringeQuality:1]]
[2022.03.21-16.51.28:542][  0]LogConfig: Setting CVar [[r.EyeAdaptationQuality:2]]
[2022.03.21-16.51.28:542][  0]LogConfig: Setting CVar [[r.BloomQuality:5]]
[2022.03.21-16.51.28:542][  0]LogConfig: Setting CVar [[r.FastBlurThreshold:100]]
[2022.03.21-16.51.28:542][  0]LogConfig: Setting CVar [[r.Upscale.Quality:3]]
[2022.03.21-16.51.28:542][  0]LogConfig: Setting CVar [[r.Tonemapper.GrainQuantization:1]]
[2022.03.21-16.51.28:542][  0]LogConfig: Setting CVar [[r.LightShaftQuality:1]]
[2022.03.21-16.51.28:542][  0]LogConfig: Setting CVar [[r.Filter.SizeScale:1]]
[2022.03.21-16.51.28:542][  0]LogConfig: Setting CVar [[r.Tonemapper.Quality:5]]
[2022.03.21-16.51.28:542][  0]LogConfig: Setting CVar [[r.DOF.Gather.AccumulatorQuality:1        ; higher gathering accumulator quality]]
[2022.03.21-16.51.28:542][  0]LogConfig: Setting CVar [[r.DOF.Gather.PostfilterMethod:1          ; Median3x3 postfilering method]]
[2022.03.21-16.51.28:542][  0]LogConfig: Setting CVar [[r.DOF.Gather.EnableBokehSettings:0       ; no bokeh simulation when gathering]]
[2022.03.21-16.51.28:542][  0]LogConfig: Setting CVar [[r.DOF.Gather.RingCount:4                 ; medium number of samples when gathering]]
[2022.03.21-16.51.28:542][  0]LogConfig: Setting CVar [[r.DOF.Scatter.ForegroundCompositing:1    ; additive foreground scattering]]
[2022.03.21-16.51.28:542][  0]LogConfig: Setting CVar [[r.DOF.Scatter.BackgroundCompositing:2    ; additive background scattering]]
[2022.03.21-16.51.28:542][  0]LogConfig: Setting CVar [[r.DOF.Scatter.EnableBokehSettings:1      ; bokeh simulation when scattering]]
[2022.03.21-16.51.28:542][  0]LogConfig: Setting CVar [[r.DOF.Scatter.MaxSpriteRatio:0.1         ; only a maximum of 10% of scattered bokeh]]
[2022.03.21-16.51.28:542][  0]LogConfig: Setting CVar [[r.DOF.Recombine.Quality:1                ; cheap slight out of focus]]
[2022.03.21-16.51.28:542][  0]LogConfig: Setting CVar [[r.DOF.Recombine.EnableBokehSettings:0    ; no bokeh simulation on slight out of focus]]
[2022.03.21-16.51.28:542][  0]LogConfig: Setting CVar [[r.DOF.TemporalAAQuality:1                ; more stable temporal accumulation]]
[2022.03.21-16.51.28:542][  0]LogConfig: Setting CVar [[r.DOF.Kernel.MaxForegroundRadius:0.025]]
[2022.03.21-16.51.28:542][  0]LogConfig: Setting CVar [[r.DOF.Kernel.MaxBackgroundRadius:0.025]]
[2022.03.21-16.51.28:542][  0]LogConfig: Applying CVar settings from Section [TextureQuality@3] File [C:/Users/21010641/Documents/GitHub/projeto_2/Drone_explorer_aula2/Saved/Config/Windows/Scalability.ini]
[2022.03.21-16.51.28:542][  0]LogConfig: Setting CVar [[r.Streaming.MipBias:0]]
[2022.03.21-16.51.28:542][  0]LogConfig: Setting CVar [[r.Streaming.AmortizeCPUToGPUCopy:0]]
[2022.03.21-16.51.28:542][  0]LogConfig: Setting CVar [[r.Streaming.MaxNumTexturesToStreamPerFrame:0]]
[2022.03.21-16.51.28:542][  0]LogConfig: Setting CVar [[r.Streaming.Boost:1]]
[2022.03.21-16.51.28:542][  0]LogConfig: Setting CVar [[r.MaxAnisotropy:8]]
[2022.03.21-16.51.28:542][  0]LogConfig: Setting CVar [[r.VT.MaxAnisotropy:8]]
[2022.03.21-16.51.28:542][  0]LogConfig: Setting CVar [[r.Streaming.LimitPoolSizeToVRAM:0]]
[2022.03.21-16.51.28:542][  0]LogConfig: Setting CVar [[r.Streaming.PoolSize:1000]]
[2022.03.21-16.51.28:542][  0]LogConfig: Setting CVar [[r.Streaming.MaxEffectiveScreenSize:0]]
[2022.03.21-16.51.28:542][  0]LogConfig: Applying CVar settings from Section [EffectsQuality@3] File [C:/Users/21010641/Documents/GitHub/projeto_2/Drone_explorer_aula2/Saved/Config/Windows/Scalability.ini]
[2022.03.21-16.51.28:542][  0]LogConfig: Setting CVar [[r.TranslucencyLightingVolumeDim:64]]
[2022.03.21-16.51.28:542][  0]LogConfig: Setting CVar [[r.RefractionQuality:2]]
[2022.03.21-16.51.28:542][  0]LogConfig: Setting CVar [[r.SSR.Quality:3]]
[2022.03.21-16.51.28:542][  0]LogConfig: Setting CVar [[r.SSR.HalfResSceneColor:0]]
[2022.03.21-16.51.28:542][  0]LogConfig: Setting CVar [[r.SceneColorFormat:4]]
[2022.03.21-16.51.28:542][  0]LogConfig: Setting CVar [[r.DetailMode:2]]
[2022.03.21-16.51.28:542][  0]LogConfig: Setting CVar [[r.TranslucencyVolumeBlur:1]]
[2022.03.21-16.51.28:542][  0]LogConfig: Setting CVar [[r.MaterialQualityLevel:1 ; High quality]]
[2022.03.21-16.51.28:542][  0]LogConfig: Setting CVar [[r.AnisotropicMaterials:1]]
[2022.03.21-16.51.28:542][  0]LogConfig: Setting CVar [[r.SSS.Scale:1]]
[2022.03.21-16.51.28:542][  0]LogConfig: Setting CVar [[r.SSS.SampleSet:2]]
[2022.03.21-16.51.28:542][  0]LogConfig: Setting CVar [[r.SSS.Quality:1]]
[2022.03.21-16.51.28:542][  0]LogConfig: Setting CVar [[r.SSS.HalfRes:0]]
[2022.03.21-16.51.28:542][  0]LogConfig: Setting CVar [[r.SSGI.Quality:3]]
[2022.03.21-16.51.28:542][  0]LogConfig: Setting CVar [[r.EmitterSpawnRateScale:1.0]]
[2022.03.21-16.51.28:542][  0]LogConfig: Setting CVar [[r.ParticleLightQuality:2]]
[2022.03.21-16.51.28:542][  0]LogConfig: Setting CVar [[r.SkyAtmosphere.AerialPerspectiveLUT.FastApplyOnOpaque:1 ; Always have FastSkyLUT 1 in this case to avoid wrong sky]]
[2022.03.21-16.51.28:542][  0]LogConfig: Setting CVar [[r.SkyAtmosphere.AerialPerspectiveLUT.SampleCountMaxPerSlice:4]]
[2022.03.21-16.51.28:542][  0]LogConfig: Setting CVar [[r.SkyAtmosphere.AerialPerspectiveLUT.DepthResolution:16.0]]
[2022.03.21-16.51.28:542][  0]LogConfig: Setting CVar [[r.SkyAtmosphere.FastSkyLUT:1]]
[2022.03.21-16.51.28:542][  0]LogConfig: Setting CVar [[r.SkyAtmosphere.FastSkyLUT.SampleCountMin:4.0]]
[2022.03.21-16.51.28:542][  0]LogConfig: Setting CVar [[r.SkyAtmosphere.FastSkyLUT.SampleCountMax:128.0]]
[2022.03.21-16.51.28:542][  0]LogConfig: Setting CVar [[r.SkyAtmosphere.SampleCountMin:4.0]]
[2022.03.21-16.51.28:542][  0]LogConfig: Setting CVar [[r.SkyAtmosphere.SampleCountMax:128.0]]
[2022.03.21-16.51.28:542][  0]LogConfig: Setting CVar [[r.SkyAtmosphere.TransmittanceLUT.UseSmallFormat:0]]
[2022.03.21-16.51.28:542][  0]LogConfig: Setting CVar [[r.SkyAtmosphere.TransmittanceLUT.SampleCount:10.0]]
[2022.03.21-16.51.28:542][  0]LogConfig: Setting CVar [[r.SkyAtmosphere.MultiScatteringLUT.SampleCount:15.0]]
[2022.03.21-16.51.28:542][  0]LogConfig: Setting CVar [[r.SkyLight.RealTimeReflectionCapture:1]]
[2022.03.21-16.51.28:542][  0]LogConfig: Applying CVar settings from Section [FoliageQuality@3] File [C:/Users/21010641/Documents/GitHub/projeto_2/Drone_explorer_aula2/Saved/Config/Windows/Scalability.ini]
[2022.03.21-16.51.28:542][  0]LogConfig: Setting CVar [[foliage.DensityScale:1.0]]
[2022.03.21-16.51.28:542][  0]LogConfig: Setting CVar [[grass.DensityScale:1.0]]
[2022.03.21-16.51.28:542][  0]LogConfig: Applying CVar settings from Section [ShadingQuality@3] File [C:/Users/21010641/Documents/GitHub/projeto_2/Drone_explorer_aula2/Saved/Config/Windows/Scalability.ini]
[2022.03.21-16.51.28:542][  0]LogConfig: Setting CVar [[r.HairStrands.SkyLighting.IntegrationType:2]]
[2022.03.21-16.51.28:542][  0]LogConfig: Setting CVar [[r.HairStrands.SkyAO.SampleCount:4]]
[2022.03.21-16.51.28:542][  0]LogConfig: Setting CVar [[r.HairStrands.Visibility.MSAA.SamplePerPixel:4]]
[2022.03.21-16.51.28:542][  0]LogConfig: Applying CVar settings from Section [Startup] File [../../../Engine/Config/ConsoleVariables.ini]
[2022.03.21-16.51.28:543][  0]LogConfig: Setting CVar [[net.UseAdaptiveNetUpdateFrequency:0]]
[2022.03.21-16.51.28:543][  0]LogConfig: Setting CVar [[p.chaos.AllowCreatePhysxBodies:1]]
[2022.03.21-16.51.28:543][  0]LogConfig: Setting CVar [[fx.SkipVectorVMBackendOptimizations:1]]
[2022.03.21-16.51.28:543][  0]LogConfig: Applying CVar settings from Section [ConsoleVariables] File [C:/Users/21010641/Documents/GitHub/projeto_2/Drone_explorer_aula2/Saved/Config/Windows/Engine.ini]
[2022.03.21-16.51.28:543][  0]LogConfig: Applying CVar settings from Section [ConsoleVariables] File [C:/Users/21010641/Documents/GitHub/projeto_2/Drone_explorer_aula2/Saved/Config/Windows/Editor.ini]
[2022.03.21-16.51.28:543][  0]LogInit: Computer: 310-11
[2022.03.21-16.51.28:543][  0]LogInit: User: 21010641
[2022.03.21-16.51.28:543][  0]LogInit: CPU Page size=4096, Cores=6
[2022.03.21-16.51.28:543][  0]LogInit: High frequency timer resolution =10.000000 MHz
[2022.03.21-16.51.28:543][  0]LogMemory: Memory total: Physical=15.8GB (16GB approx)
[2022.03.21-16.51.28:543][  0]LogMemory: Platform Memory Stats for Windows
[2022.03.21-16.51.28:543][  0]LogMemory: Process Physical Memory: 144.52 MB used, 144.52 MB peak
[2022.03.21-16.51.28:543][  0]LogMemory: Process Virtual Memory: 129.83 MB used, 129.83 MB peak
[2022.03.21-16.51.28:543][  0]LogMemory: Physical Memory: 6797.64 MB used,  9389.59 MB free, 16187.22 MB total
[2022.03.21-16.51.28:543][  0]LogMemory: Virtual Memory: 134207616.00 MB used,  10115.09 MB free, 134217728.00 MB total
[2022.03.21-16.51.28:547][  0]LogWindows: WindowsPlatformFeatures enabled
[2022.03.21-16.51.28:584][  0]LogInit: Physics initialised using underlying interface: PhysX
[2022.03.21-16.51.28:584][  0]LogInit: Overriding language with editor language configuration option (en).
[2022.03.21-16.51.28:585][  0]LogInit: Overriding language with editor locale configuration option (en).
[2022.03.21-16.51.28:774][  0]LogInit: Setting process to per monitor DPI aware
[2022.03.21-16.51.28:782][  0]LogWindowsTextInputMethodSystem: Display: IME system deactivated.
[2022.03.21-16.51.28:790][  0]LogSlate: New Slate User Created.  User Index 0, Is Virtual User: 0
[2022.03.21-16.51.28:790][  0]LogSlate: Slate User Registered.  User Index 0, Is Virtual User: 0
[2022.03.21-16.51.28:905][  0]LogD3D11RHI: Loaded GFSDK_Aftermath_Lib.x64.dll
[2022.03.21-16.51.28:908][  0]LogHMD: Failed to initialize OpenVR with code 110
[2022.03.21-16.51.28:908][  0]LogD3D11RHI: D3D11 min allowed feature level: 11_0
[2022.03.21-16.51.28:908][  0]LogD3D11RHI: D3D11 max allowed feature level: 11_0
[2022.03.21-16.51.28:908][  0]LogD3D11RHI: D3D11 adapters:
[2022.03.21-16.51.28:986][  0]LogD3D11RHI:    0. 'NVIDIA GeForce GTX 1050 Ti' (Feature Level 11_0)
[2022.03.21-16.51.28:986][  0]LogD3D11RHI:       4018/0/8093 MB DedicatedVideo/DedicatedSystem/SharedSystem, Outputs:1, VendorId:0x10de
[2022.03.21-16.51.29:019][  0]LogD3D11RHI:    1. 'Intel(R) UHD Graphics 630' (Feature Level 11_0)
[2022.03.21-16.51.29:019][  0]LogD3D11RHI:       128/0/8093 MB DedicatedVideo/DedicatedSystem/SharedSystem, Outputs:0, VendorId:0x8086
[2022.03.21-16.51.29:022][  0]LogD3D11RHI:    2. 'Microsoft Basic Render Driver' (Feature Level 11_0)
[2022.03.21-16.51.29:022][  0]LogD3D11RHI:       0/0/8093 MB DedicatedVideo/DedicatedSystem/SharedSystem, Outputs:0, VendorId:0x1414
[2022.03.21-16.51.29:022][  0]LogD3D11RHI: Chosen D3D11 Adapter:
[2022.03.21-16.51.29:022][  0]LogD3D11RHI:     Description : NVIDIA GeForce GTX 1050 Ti
[2022.03.21-16.51.29:022][  0]LogD3D11RHI:     VendorId    : 10de
[2022.03.21-16.51.29:022][  0]LogD3D11RHI:     DeviceId    : 1c82
[2022.03.21-16.51.29:022][  0]LogD3D11RHI:     SubSysId    : 35121028
[2022.03.21-16.51.29:022][  0]LogD3D11RHI:     Revision    : 00a1
[2022.03.21-16.51.29:022][  0]LogD3D11RHI:     DedicatedVideoMemory : 4213178368 bytes
[2022.03.21-16.51.29:022][  0]LogD3D11RHI:     DedicatedSystemMemory : 0 bytes
[2022.03.21-16.51.29:022][  0]LogD3D11RHI:     SharedSystemMemory : 8486766592 bytes
[2022.03.21-16.51.29:022][  0]LogD3D11RHI:     AdapterLuid : 0 63060
[2022.03.21-16.51.29:027][  0]LogD3D11RHI: Creating new Direct3DDevice
[2022.03.21-16.51.29:027][  0]LogD3D11RHI:     GPU DeviceId: 0x1c82 (for the marketing name, search the web for "GPU Device Id")
[2022.03.21-16.51.29:027][  0]LogWindows: EnumDisplayDevices:
[2022.03.21-16.51.29:027][  0]LogWindows:    0. 'NVIDIA GeForce GTX 1050 Ti' (P:1 D:1)
[2022.03.21-16.51.29:028][  0]LogWindows:    1. 'NVIDIA GeForce GTX 1050 Ti' (P:0 D:0)
[2022.03.21-16.51.29:028][  0]LogWindows:    2. 'NVIDIA GeForce GTX 1050 Ti' (P:0 D:0)
[2022.03.21-16.51.29:028][  0]LogWindows:    3. 'NVIDIA GeForce GTX 1050 Ti' (P:0 D:0)
[2022.03.21-16.51.29:028][  0]LogWindows:    4. 'Intel(R) UHD Graphics 630' (P:0 D:0)
[2022.03.21-16.51.29:028][  0]LogWindows:    5. 'Intel(R) UHD Graphics 630' (P:0 D:0)
[2022.03.21-16.51.29:029][  0]LogWindows:    6. 'Intel(R) UHD Graphics 630' (P:0 D:0)
[2022.03.21-16.51.29:029][  0]LogWindows: DebugString: PrimaryIsNotTheChoosenAdapter PrimaryIsNotTheChoosenAdapter PrimaryIsNotTheChoosenAdapter FoundDriverCount:4 
[2022.03.21-16.51.29:029][  0]LogD3D11RHI:     Adapter Name: NVIDIA GeForce GTX 1050 Ti
[2022.03.21-16.51.29:029][  0]LogD3D11RHI:   Driver Version: 457.51 (internal:27.21.14.5751, unified:457.51)
[2022.03.21-16.51.29:029][  0]LogD3D11RHI:      Driver Date: 11-22-2020
[2022.03.21-16.51.29:029][  0]LogRHI: Texture pool is 2812 MB (70% of 4018 MB)
[2022.03.21-16.51.29:029][  0]LogD3D11RHI: Creating D3DDevice using adapter:
[2022.03.21-16.51.29:029][  0]LogD3D11RHI:     Description : NVIDIA GeForce GTX 1050 Ti
[2022.03.21-16.51.29:029][  0]LogD3D11RHI:     VendorId    : 10de
[2022.03.21-16.51.29:029][  0]LogD3D11RHI:     DeviceId    : 1c82
[2022.03.21-16.51.29:029][  0]LogD3D11RHI:     SubSysId    : 35121028
[2022.03.21-16.51.29:029][  0]LogD3D11RHI:     Revision    : 00a1
[2022.03.21-16.51.29:029][  0]LogD3D11RHI:     DedicatedVideoMemory : 4213178368 bytes
[2022.03.21-16.51.29:029][  0]LogD3D11RHI:     DedicatedSystemMemory : 0 bytes
[2022.03.21-16.51.29:029][  0]LogD3D11RHI:     SharedSystemMemory : 8486766592 bytes
[2022.03.21-16.51.29:029][  0]LogD3D11RHI:     AdapterLuid : 0 63060
[2022.03.21-16.51.29:079][  0]LogD3D11RHI: RHI has support for 64 bit atomics
[2022.03.21-16.51.29:079][  0]LogD3D11RHI: Async texture creation enabled
[2022.03.21-16.51.29:079][  0]LogD3D11RHI: Array index from any shader is supported
[2022.03.21-16.51.29:095][  0]LogD3D11RHI: GPU Timing Frequency: 1000.000000 (Debug: 2 1)
[2022.03.21-16.51.29:130][  0]LogRHI: GeForceNow SDK initialized: 1
[2022.03.21-16.51.29:419][  0]LogTargetPlatformManager: Display: Loaded TargetPlatform 'AllDesktop'
[2022.03.21-16.51.29:439][  0]LogTargetPlatformManager: Display: Loaded TargetPlatform 'Android'
[2022.03.21-16.51.29:439][  0]LogTargetPlatformManager: Display: Loaded TargetPlatform 'Android_ASTC'
[2022.03.21-16.51.29:439][  0]LogTargetPlatformManager: Display: Loaded TargetPlatform 'Android_DXT'
[2022.03.21-16.51.29:439][  0]LogTargetPlatformManager: Display: Loaded TargetPlatform 'Android_ETC2'
[2022.03.21-16.51.29:439][  0]LogTargetPlatformManager: Display: Loaded TargetPlatform 'AndroidClient'
[2022.03.21-16.51.29:439][  0]LogTargetPlatformManager: Display: Loaded TargetPlatform 'Android_ASTCClient'
[2022.03.21-16.51.29:439][  0]LogTargetPlatformManager: Display: Loaded TargetPlatform 'Android_DXTClient'
[2022.03.21-16.51.29:439][  0]LogTargetPlatformManager: Display: Loaded TargetPlatform 'Android_ETC2Client'
[2022.03.21-16.51.29:439][  0]LogTargetPlatformManager: Display: Loaded TargetPlatform 'Android_Multi'
[2022.03.21-16.51.29:439][  0]LogTargetPlatformManager: Display: Loaded TargetPlatform 'Android_MultiClient'
[2022.03.21-16.51.29:454][  0]LogTargetPlatformManager: Display: Loaded TargetPlatform 'IOSClient'
[2022.03.21-16.51.29:454][  0]LogTargetPlatformManager: Display: Loaded TargetPlatform 'IOS'
[2022.03.21-16.51.29:462][  0]LogTargetPlatformManager: Display: Loaded TargetPlatform 'Linux'
[2022.03.21-16.51.29:465][  0]LogTargetPlatformManager: Display: Loaded TargetPlatform 'LinuxNoEditor'
[2022.03.21-16.51.29:469][  0]LogTargetPlatformManager: Display: Loaded TargetPlatform 'LinuxClient'
[2022.03.21-16.51.29:472][  0]LogTargetPlatformManager: Display: Loaded TargetPlatform 'LinuxServer'
[2022.03.21-16.51.29:480][  0]LogTargetPlatformManager: Display: Loaded TargetPlatform 'LinuxAArch64NoEditor'
[2022.03.21-16.51.29:484][  0]LogTargetPlatformManager: Display: Loaded TargetPlatform 'LinuxAArch64Client'
[2022.03.21-16.51.29:488][  0]LogTargetPlatformManager: Display: Loaded TargetPlatform 'LinuxAArch64Server'
[2022.03.21-16.51.29:508][  0]LogTargetPlatformManager: Display: Loaded TargetPlatform 'Lumin'
[2022.03.21-16.51.29:508][  0]LogTargetPlatformManager: Display: Loaded TargetPlatform 'LuminClient'
[2022.03.21-16.51.29:514][  0]LogTargetPlatformManager: Display: Loaded TargetPlatform 'MacNoEditor'
[2022.03.21-16.51.29:519][  0]LogTargetPlatformManager: Display: Loaded TargetPlatform 'Mac'
[2022.03.21-16.51.29:523][  0]LogTargetPlatformManager: Display: Loaded TargetPlatform 'MacClient'
[2022.03.21-16.51.29:526][  0]LogTargetPlatformManager: Display: Loaded TargetPlatform 'MacServer'
[2022.03.21-16.51.29:534][  0]LogTargetPlatformManager: Display: Loaded TargetPlatform 'TVOSClient'
[2022.03.21-16.51.29:534][  0]LogTargetPlatformManager: Display: Loaded TargetPlatform 'TVOS'
[2022.03.21-16.51.29:541][  0]LogTargetPlatformManager: Display: Loaded TargetPlatform 'WindowsNoEditor'
[2022.03.21-16.51.29:545][  0]LogTargetPlatformManager: Display: Loaded TargetPlatform 'Windows'
[2022.03.21-16.51.29:548][  0]LogTargetPlatformManager: Display: Loaded TargetPlatform 'WindowsClient'
[2022.03.21-16.51.29:552][  0]LogTargetPlatformManager: Display: Loaded TargetPlatform 'WindowsServer'
[2022.03.21-16.51.29:552][  0]LogTargetPlatformManager: Display: Building Assets For Windows
[2022.03.21-16.51.29:558][  0]LogAudioDebug: Display: Lib vorbis DLL was dynamically loaded.
[2022.03.21-16.51.29:582][  0]LogTextureFormatOodle: Display: Oodle Texture 2.9.0 init RDO Off
[2022.03.21-16.51.29:606][  0]LogRendererCore: Ray tracing is disabled. Reason: r.RayTracing=0.
[2022.03.21-16.51.29:606][  0]LogShaderCompilers: Guid format shader working directory is -31 characters bigger than the processId version (../../../../../../Users/21010641/Documents/GitHub/projeto_2/Drone_explorer_aula2/Intermediate/Shaders/WorkingDirectory/6368/).
[2022.03.21-16.51.29:606][  0]LogShaderCompilers: Cleaned the shader compiler working directory 'C:/Users/21010641/AppData/Local/Temp/UnrealShaderWorkingDir/923841304E8DF2E8D023CBA7BB33B815/'.
[2022.03.21-16.51.29:607][  0]LogXGEController: Cannot use XGE Controller as Incredibuild is not installed on this machine.
[2022.03.21-16.51.29:607][  0]LogShaderCompilers: Cannot use XGE Shader Compiler as Incredibuild is not installed on this machine.
[2022.03.21-16.51.29:607][  0]LogShaderCompilers: Display: Using Local Shader Compiler.
[2022.03.21-16.51.30:285][  0]LogDerivedDataCache: Display: Max Cache Size: 512 MB
[2022.03.21-16.51.30:350][  0]LogDerivedDataCache: Loaded boot cache 0.06s 94MB C:/Users/21010641/AppData/Local/UnrealEngine/4.27/DerivedDataCache/Boot.ddc.
[2022.03.21-16.51.30:350][  0]LogDerivedDataCache: Display: Loaded Boot cache: C:/Users/21010641/AppData/Local/UnrealEngine/4.27/DerivedDataCache/Boot.ddc
[2022.03.21-16.51.30:350][  0]LogDerivedDataCache: FDerivedDataBackendGraph:  Pak pak cache file ../../../../../../Users/21010641/Documents/GitHub/projeto_2/Drone_explorer_aula2/DerivedDataCache/DDC.ddp not found, will not use a pak cache.
[2022.03.21-16.51.30:350][  0]LogDerivedDataCache: Unable to find inner node Pak for hierarchical cache Hierarchy.
[2022.03.21-16.51.30:350][  0]LogDerivedDataCache: FDerivedDataBackendGraph:  CompressedPak pak cache file ../../../../../../Users/21010641/Documents/GitHub/projeto_2/Drone_explorer_aula2/DerivedDataCache/Compressed.ddp not found, will not use a pak cache.
[2022.03.21-16.51.30:350][  0]LogDerivedDataCache: Unable to find inner node CompressedPak for hierarchical cache Hierarchy.
[2022.03.21-16.51.30:365][  0]LogDerivedDataCache: Display: Pak cache opened for reading ../../../Engine/DerivedDataCache/Compressed.ddp.
[2022.03.21-16.51.30:365][  0]LogDerivedDataCache: FDerivedDataBackendGraph:  EnterprisePak pak cache file ../../../Enterprise/DerivedDataCache/Compressed.ddp not found, will not use a pak cache.
[2022.03.21-16.51.30:365][  0]LogDerivedDataCache: Unable to find inner node EnterprisePak for hierarchical cache Hierarchy.
[2022.03.21-16.51.30:371][  0]LogDerivedDataCache: Speed tests for C:/Users/21010641/AppData/Local/UnrealEngine/Common/DerivedDataCache took 0.01 seconds
[2022.03.21-16.51.30:371][  0]LogDerivedDataCache: Display: Performance to C:/Users/21010641/AppData/Local/UnrealEngine/Common/DerivedDataCache: Latency=0.02ms. RandomReadSpeed=1289.26MBs, RandomWriteSpeed=192.84MBs. Assigned SpeedClass 'Local'
[2022.03.21-16.51.30:371][  0]LogDerivedDataCache: Using Local data cache path C:/Users/21010641/AppData/Local/UnrealEngine/Common/DerivedDataCache: Writable
[2022.03.21-16.51.30:371][  0]LogDerivedDataCache: Shared data cache path not found in *engine.ini, will not use an Shared cache.
[2022.03.21-16.51.30:371][  0]LogDerivedDataCache: Unable to find inner node Shared for hierarchical cache Hierarchy.
[2022.03.21-16.51.30:412][  0]LogSlate: Using FreeType 2.10.0
[2022.03.21-16.51.30:413][  0]LogSlate: SlateFontServices - WITH_FREETYPE: 1, WITH_HARFBUZZ: 1
[2022.03.21-16.51.30:436][  0]LogAssetRegistry: FAssetRegistry took 0.0022 seconds to start up
[2022.03.21-16.51.30:630][  0]LogInit: Selected Device Profile: [Windows]
[2022.03.21-16.51.30:630][  0]LogInit: Active device profile: [0000020566236600][000002055E4C17C0 49] Windows
[2022.03.21-16.51.30:630][  0]LogInit: Profiles: [0000020566236600][000002055E4C17C0 49] Windows, [00000205661F5C00][000002055E4C9940 49] WindowsNoEditor, [0000020566235C00][000002055E4CDAC0 49] WindowsServer, [00000205661F6A00][000002055E4D00C0 49] WindowsClient, [0000020566236C00][00000205584E8240 49] IOS, [00000205661F6500][00000205584EC3C0 49] iPadAir, [0000020566236300][00000205584F0540 49] iPadAir2, [000002056719EC00][00000205584F8800 49] IPadPro, [000002056719ED00][00000205584F4840 49] iPadAir3, [0000020566235A00][000002055E4C4980 49] iPadAir4, [000002056719F200][00000205584FCAC0 49] iPadMini2, [0000020566236000][0000020558500C00 49] iPadMini3, [000002056719F800][0000020558504D40 49] iPadMini4, [0000020566237100][0000020565108EC0 49] iPadMini5, [00000205661E6500][0000020565111180 49] iPhone6, [00000205661E6600][000002056510D1C0 49] iPodTouch6, [000002056719D400][0000020565119480 49] iPhone7, [000002056719D300][00000205651154C0 49] iPodTouch7, [00000205661E6A00][000002056511D640 49] iPhone5S, [000002056719CE00][00000205651217C0 49] iPhone6Plus, [00000205661E5A00][0000020565125940 49] iPhone6S, [000002056719CC00][0000020565129AC0 49] iPhone6SPlus, [00000205661E6B00][000002056512C0C0 49] iPhone7Plus, [000002056719DC00][0000020565130240 49] iPhoneSE, [00000205661E5600][00000205651343C0 49] iPhone8, [000002056719F400][0000020565138540 49] iPhone8Plus, [00000205661E7E00][000002056513C6C0 49] iPhoneX, [000002056719DD00][0000020565140840 49] iPhoneXS, [00000205661E4A00][00000205651449C0 49] iPhoneXSMax, [000002056719FF00][0000020565148B40 49] iPhoneXR, [00000205661E7600][0000020565104C80 49] iPhone11, [000002056719C500][000002056514CDC0 49] iPhone11Pro, [00000205661E4D00][0000020565150F00 49] iPhone11ProMax, [000002056719E700][0000020565159080 49] iPhoneSE2, [00000205661E6200][000002056515D200 49] iPhone12Mini, [000002056719F900][0000020565161380 49] iPhone12, [00000205661E5500][0000020565165500 49] iPhone12Pro, [000002056719EE00][0000020565169680 49] iPhone12ProMax, [00000205661E4C00][000002056516D800 49] iPadPro105, [000002056719F100][0000020565171980 49] iPadPro129, [00000205661E7800][0000020565175B00 49] iPadPro97, [000002056719F700][0000020565178100 49] iPadPro2_129, [00000205661E5300][000002056517C280 49] iPad5, [000002056719FA00][0000020565180400 49] iPad6, [000002056627C800][0000020565184580 49] iPad7, [00000205661F7200][0000020565188700 49] iPad8, [000002056627CB00][000002056518C880 49] iPadPro11, [00000205661F7C00][0000020565190A00 49] iPadPro2_11, [000002056627D100][0000020565194B80 49] iPadPro3_129, [00000205661F5B00][0000020565198D00 49] iPadPro4_129, [000002056627D200][0000020565154E40 49] AppleTV, [00000205661F7300][000002056519CF80 49] AppleTV4K, [000002056627D300][00000205651A10C0 49] TVOS, [00000205661F7A00][00000205651A9240 49] Mac, [000002056719FC00][00000205651AD3C0 49] MacClient, [00000205661E4400][00000205651B1540 49] MacNoEditor, [000002056719C800][00000205651B56C0 49] MacServer, [00000205661E6800][00000205651B9840 49] Linux, [000002056719E100][00000205651BD9C0 49] LinuxAArch64, [00000205661E6D00][0000020557C71B40 49] LinuxNoEditor, [000002056719D200][0000020557C74140 49] LinuxAArch64NoEditor, [00000205661E4100][0000020557C782C0 49] LinuxClient, [000002056719FE00][0000020557C7C440 49] LinuxAArch64Client, [00000205661E4600][0000020557C805C0 49] LinuxServer, [000002056719E500][0000020557C84740 49] LinuxAArch64Server, [00000205661E6300][0000020557C888C0 49] Android, [000002056719C600][0000020557C8CA40 49] Android_Low, [00000205661E4B00][0000020557C90BC0 49] Android_Mid, [000002056719D700][0000020557C94D40 49] Android_High, [00000205661E4500][0000020557C98EC0 49] Android_Default, [000002056719DA00][00000205651A5000 49] Android_Adreno4xx, [00000205661E5F00][00000205671D1140 49] Android_Adreno5xx_Low, [000002056719E900][00000205671D5280 49] Android_Adreno5xx, [00000205661E4E00][00000205671D93C0 49] Android_Adreno6xx, [000002056719C400][00000205671E1540 49] Android_Adreno6xx_Vulkan, [00000205661E6000][00000205671E56C0 49] Android_Mali_T6xx, [000002056719D800][00000205671E9840 49] Android_Mali_T7xx, [00000205661E7400][00000205671ED9C0 49] Android_Mali_T8xx, [000002056719D900][00000205671F1B40 49] Android_Mali_G71, [00000205661E7100][00000205671F4140 49] Android_Mali_G72, [000002056719C900][00000205671F82C0 49] Android_Mali_G72_Vulkan, [00000205661E6C00][00000205671FC440 49] Android_Mali_G76, [000002056719FD00][00000205672005C0 49] Android_Mali_G76_Vulkan, [00000205661E6E00][0000020567204740 49] Android_Mali_G77, [000002056719C700][00000205672088C0 49] Android_Mali_G77_Vulkan, [00000205661E7B00][000002056720CA40 49] Android_Mali_G78, [00000205661F7400][0000020567210BC0 49] Android_Mali_G78_Vulkan, [0000020566236400][0000020567214D40 49] Android_Mali_G710, [00000205661F4D00][0000020567218EC0 49] Android_Mali_G710_Vulkan, [0000020566235F00][000002056721D040 49] Android_Vulkan_SM5, [00000205661F6000][00000205671DD180 49] Android_PowerVR_G6xxx, [0000020566235600][00000205672212C0 49] Android_PowerVR_GT7xxx, [00000205661F4600][0000020567225400 49] Android_PowerVR_GE8xxx, [0000020566237F00][0000020567229540 49] Android_PowerVR_GM9xxx, [00000205661F4200][00000205672316C0 49] Android_PowerVR_GM9xxx_Vulkan, [0000020566237E00][0000020567235840 49] Android_TegraK1, [00000205661F5D00][00000205672399C0 49] Android_Unknown_Vulkan, [0000020566236E00][000002056723DB40 49] Lumin, [00000205661F6100][0000020567240140 49] Lumin_Desktop, [0000020566234700][00000205672442C0 49] HoloLens, 
[2022.03.21-16.51.30:738][  0]LogMeshReduction: Using QuadricMeshReduction for automatic static mesh reduction
[2022.03.21-16.51.30:738][  0]LogMeshReduction: Using SimplygonMeshReduction for automatic skeletal mesh reduction
[2022.03.21-16.51.30:738][  0]LogMeshReduction: Using ProxyLODMeshReduction for automatic mesh merging
[2022.03.21-16.51.30:738][  0]LogMeshReduction: No distributed automatic mesh merging module available
[2022.03.21-16.51.30:738][  0]LogMeshMerging: No distributed automatic mesh merging module available
[2022.03.21-16.51.30:751][  0]LogNetVersion: Drone_explorer_aula2 1.0.0, NetCL: 17155196, EngineNetVer: 17, GameNetVer: 0 (Checksum: 2547140122)
[2022.03.21-16.51.31:082][  0]LogTexture: Default maximum texture size for cubemaps generated from long-lat sources has been changed from 512 to unlimited. In order to preserve old behaiour for '/Engine/MapTemplates/Sky/DaylightAmbientCubemap.DaylightAmbientCubemap', its maximum texture size has been explicitly set to 512.
[2022.03.21-16.51.31:136][  0]LogHMD: PokeAHoleMaterial loaded successfully
[2022.03.21-16.51.31:142][  0]LogUObjectArray: 17178 objects as part of root set at end of initial load.
[2022.03.21-16.51.31:142][  0]LogUObjectAllocator: 4302048 out of 0 bytes used by permanent object pool.
[2022.03.21-16.51.31:142][  0]LogUObjectArray: CloseDisregardForGC: 0/0 objects in disregard for GC pool
[2022.03.21-16.51.31:348][  0]LogNiagaraDebuggerClient: Niagara Debugger Client Initialized | Session: 7A11780C41D17BF43C82B8BF78F993CD | Instance: 85769BE544CDF48498C6B2BAE3EFF73B (310-11-6368).
[2022.03.21-16.51.31:444][  0]LogPython: Using Python 3.7.7
[2022.03.21-16.51.31:940][  0]LogTcpMessaging: Initializing TcpMessaging bridge
[2022.03.21-16.51.32:128][  0]LogUdpMessaging: Initializing bridge on interface 0.0.0.0:0 to multicast group 230.0.0.1:6666.
[2022.03.21-16.51.32:319][  0]SourceControl: Source control is disabled
[2022.03.21-16.51.32:319][  0]SourceControl: Source control is disabled
[2022.03.21-16.51.32:321][  0]SourceControl: Source control is disabled
[2022.03.21-16.51.32:323][  0]SourceControl: Source control is disabled
[2022.03.21-16.51.32:329][  0]SourceControl: Source control is disabled
[2022.03.21-16.51.32:333][  0]LogUProjectInfo: Found projects:
[2022.03.21-16.51.32:339][  0]LogVSAccessor: Display: Unable to create Visual Studio setup instance: 80040154
[2022.03.21-16.51.32:339][  0]LogVSAccessor: Display: Unable to create Visual Studio setup instance: 80040154
[2022.03.21-16.51.32:340][  0]LogVSAccessor: Display: Unable to create Visual Studio setup instance: 80040154
[2022.03.21-16.51.32:471][  0]LogOpenImageDenoise: OIDN starting up
[2022.03.21-16.51.32:481][  0]LogAndroidPermission: UAndroidPermissionCallbackProxy::GetInstance
[2022.03.21-16.51.32:495][  0]LogAudioCaptureCore: Display: No Audio Capture implementations found. Audio input will be silent.
[2022.03.21-16.51.32:495][  0]LogAudioCaptureCore: Display: No Audio Capture implementations found. Audio input will be silent.
[2022.03.21-16.51.32:597][  0]LogCollectionManager: Loaded 0 collections in 0.001650 seconds
[2022.03.21-16.51.32:618][  0]LogFileCache: Scanning file cache for directory 'C:/Users/21010641/Documents/GitHub/projeto_2/Drone_explorer_aula2/Saved/Collections/' took 0.00s
[2022.03.21-16.51.32:618][  0]LogFileCache: Scanning file cache for directory 'C:/Users/21010641/Documents/GitHub/projeto_2/Drone_explorer_aula2/Content/Developers/21010641/Collections/' took 0.00s
[2022.03.21-16.51.32:618][  0]LogFileCache: Scanning file cache for directory 'C:/Users/21010641/Documents/GitHub/projeto_2/Drone_explorer_aula2/Content/Collections/' took 0.00s
[2022.03.21-16.51.32:618][  0]LogOcInput: OculusInput pre-init called
[2022.03.21-16.51.32:821][  0]LogEngine: Initializing Engine...
[2022.03.21-16.51.33:602][  0]LogHMD: Failed to enumerate extensions. Please check that you have a valid OpenXR runtime installed.
[2022.03.21-16.51.33:603][  0]LogHMD: Failed to initialize OpenVR with code 110
[2022.03.21-16.51.33:603][  0]LogMagicLeap: Warning: VR disabled because ZI is not enabled.  To enable, in the editor, Edit -> Project Settings -> Plugins -> Magic Leap Plugin -> Enable Zero Iteration
[2022.03.21-16.51.33:603][  0]LogStats: UGameplayTagsManager::InitializeManager -  0.000 s
[2022.03.21-16.51.33:722][  0]LogInit: Initializing FReadOnlyCVARCache
[2022.03.21-16.51.33:731][  0]LogAIModule: Creating AISystem for world Untitled
[2022.03.21-16.51.33:732][  0]LogAudio: Display: Initializing Audio Device Manager...
[2022.03.21-16.51.33:735][  0]LogAudio: Display: Loading Default Audio Settings Objects...
[2022.03.21-16.51.33:735][  0]LogAudio: Display: No default SoundConcurrencyObject specified (or failed to load).
[2022.03.21-16.51.33:736][  0]LogAudio: Display: Audio Device Manager Initialized
[2022.03.21-16.51.33:736][  0]LogAudio: Display: Creating Audio Device:                 Id: 1, Scope: Shared, Realtime: True
[2022.03.21-16.51.33:736][  0]LogAudioMixer: Display: Audio Mixer Platform Settings:
[2022.03.21-16.51.33:736][  0]LogAudioMixer: Display: 	Sample Rate:						  48000
[2022.03.21-16.51.33:736][  0]LogAudioMixer: Display: 	Callback Buffer Frame Size Requested: 1024
[2022.03.21-16.51.33:736][  0]LogAudioMixer: Display: 	Callback Buffer Frame Size To Use:	  1024
[2022.03.21-16.51.33:736][  0]LogAudioMixer: Display: 	Number of buffers to queue:			  2
[2022.03.21-16.51.33:736][  0]LogAudioMixer: Display: 	Max Channels (voices):				  32
[2022.03.21-16.51.33:736][  0]LogAudioMixer: Display: 	Number of Async Source Workers:		  0
[2022.03.21-16.51.33:736][  0]LogAudio: Display: AudioDevice MaxSources: 32
[2022.03.21-16.51.33:736][  0]LogAudio: Display: Audio Spatialization Plugin: None (built-in).
[2022.03.21-16.51.33:736][  0]LogAudio: Display: Audio Reverb Plugin: None (built-in).
[2022.03.21-16.51.33:736][  0]LogAudio: Display: Audio Occlusion Plugin: None (built-in).
[2022.03.21-16.51.33:736][  0]LogAudioMixer: Display: Initializing audio mixer.
[2022.03.21-16.51.33:749][  0]LogAudioMixer: Display: 0: FrontLeft
[2022.03.21-16.51.33:749][  0]LogAudioMixer: Display: 1: FrontRight
[2022.03.21-16.51.33:761][  0]LogAudioMixer: Display: Using Audio Device Fones de ouvido / Alto falantes (Realtek Audio)
[2022.03.21-16.51.33:763][  0]LogAudioMixer: Display: Initializing Sound Submixes...
[2022.03.21-16.51.34:326][  0]LogAudioMixer: Display: Creating Master Submix 'MasterSubmixDefault'
[2022.03.21-16.51.34:326][  0]LogAudioMixer: Display: Creating Master Submix 'MasterReverbSubmixDefault'
[2022.03.21-16.51.34:326][  0]LogAudioMixer: Display: Creating Master Submix 'MasterEQSubmixDefault'
[2022.03.21-16.51.34:326][  0]LogAudioMixer: FMixerPlatformXAudio2::StartAudioStream() called
[2022.03.21-16.51.34:326][  0]LogAudioMixer: Display: Output buffers initialized: Frames=1024, Channels=2, Samples=2048
[2022.03.21-16.51.34:327][  0]LogAudioMixer: Display: Starting AudioMixerPlatformInterface::RunInternal()
[2022.03.21-16.51.34:327][  0]LogAudioMixer: Display: FMixerPlatformXAudio2::SubmitBuffer() called for the first time
[2022.03.21-16.51.34:327][  0]LogInit: FAudioDevice initialized.
[2022.03.21-16.51.34:328][  0]LogAudio: Display: Audio Device (ID: 1) registered with world 'Untitled'.
[2022.03.21-16.51.34:328][  0]LogNetVersion: Set ProjectVersion to 1.0.0.0. Version Checksum will be recalculated on next use.
[2022.03.21-16.51.35:069][  0]LogDerivedDataCache: Saved boot cache 0.74s 94MB C:/Users/21010641/AppData/Local/UnrealEngine/4.27/DerivedDataCache/Boot.ddc.
[2022.03.21-16.51.35:069][  0]LogInit: Texture streaming: Enabled
[2022.03.21-16.51.35:078][  0]LogAnalytics: Display: [UEEditor.Rocket.Release] APIServer = https://datarouter.ol.epicgames.com/. AppVersion = 4.27.2-18319896+++UE4+Release-4.27
[2022.03.21-16.51.35:081][  0]LogEngineSessionManager: EngineSessionManager initialized
[2022.03.21-16.51.35:081][  0]LogEditorSessionSummary: Verbose: Initializing EditorSessionSummaryWriter for editor session tracking
[2022.03.21-16.51.35:083][  0]LogEditorSessionSummary: EditorSessionSummaryWriter initialized
[2022.03.21-16.51.35:095][  0]LogInit: Transaction tracking system initialized
[2022.03.21-16.51.35:111][  0]BlueprintLog: New page: Editor Load
[2022.03.21-16.51.35:418][  0]LocalizationService: Localization service is disabled
[2022.03.21-16.51.36:036][  0]TimingProfiler: Initialize
[2022.03.21-16.51.36:036][  0]TimingProfiler: OnSessionChanged
[2022.03.21-16.51.36:036][  0]LoadingProfiler: Initialize
[2022.03.21-16.51.36:036][  0]LoadingProfiler: OnSessionChanged
[2022.03.21-16.51.36:036][  0]NetworkingProfiler: Initialize
[2022.03.21-16.51.36:036][  0]NetworkingProfiler: OnSessionChanged
[2022.03.21-16.51.36:036][  0]MemoryProfiler: Initialize
[2022.03.21-16.51.36:037][  0]MemoryProfiler: OnSessionChanged
[2022.03.21-16.51.36:173][  0]LogVSAccessor: Display: Unable to create Visual Studio setup instance: 80040154
[2022.03.21-16.51.36:174][  0]LogVSAccessor: Display: Unable to create Visual Studio setup instance: 80040154
[2022.03.21-16.51.36:174][  0]LogVSAccessor: Display: Unable to create Visual Studio setup instance: 80040154
[2022.03.21-16.51.37:213][  0]LogCook: Display: CookSettings for Memory: MemoryMaxUsedVirtual 0MiB, MemoryMaxUsedPhysical 16384MiB, MemoryMinFreeVirtual 0MiB, MemoryMinFreePhysical 1024MiB
[2022.03.21-16.51.37:213][  0]LogCook: Display: Mobile HDR setting 1
[2022.03.21-16.51.38:104][  0]LogFileCache: Scanning file cache for directory 'C:/Users/21010641/Documents/GitHub/projeto_2/Drone_explorer_aula2/Content/' took 0.00s
[2022.03.21-16.51.40:820][  0]LogInit: Display: Engine is initialized. Leaving FEngineLoop::Init()
[2022.03.21-16.51.40:824][  0]SourceControl: Source control is disabled
[2022.03.21-16.51.40:824][  0]LogUnrealEdMisc: Loading editor; pre map load, took 13.455
[2022.03.21-16.51.40:824][  0]Cmd: MAP LOAD FILE="../../../Engine/Content/Maps/Templates/Template_Default.umap" TEMPLATE=1 SHOWPROGRESS=1 FEATURELEVEL=3
[2022.03.21-16.51.40:824][  0]LightingResults: New page: Lighting Build
[2022.03.21-16.51.40:825][  0]LogWorld: UWorld::CleanupWorld for Untitled, bSessionEnded=true, bCleanupResources=true
[2022.03.21-16.51.40:825][  0]LogSlate: InvalidateAllWidgets triggered.  All widgets were invalidated
[2022.03.21-16.51.40:825][  0]MapCheck: New page: Map Check
[2022.03.21-16.51.40:825][  0]LightingResults: New page: Lighting Build
[2022.03.21-16.51.46:249][  0]LogAudio: Display: Audio Device unregistered from world 'None'.
[2022.03.21-16.51.46:251][  0]LogUObjectHash: Compacting FUObjectHashTables data took   0.72ms
[2022.03.21-16.51.46:294][  0]LogTexture: Display: Building textures: DeprecatedTextureEB9CBE3C423008B5E8E130901E171C89 (BGRA8, 128X128)
[2022.03.21-16.51.46:302][  0]LogAudio: Display: Audio Device (ID: 1) registered with world 'Untitled_1'.
[2022.03.21-16.51.46:303][  0]LogAIModule: Creating AISystem for world Untitled_1
[2022.03.21-16.51.46:305][  0]LogEditorServer: Finished looking for orphan Actors (0.000 secs)
[2022.03.21-16.51.46:322][  0]LogUObjectHash: Compacting FUObjectHashTables data took   0.80ms
[2022.03.21-16.51.46:322][  0]Cmd: MAP CHECKDEP NOCLEARLOG
[2022.03.21-16.51.46:322][  0]MapCheck: Map check complete: 0 Error(s), 0 Warning(s), took 0.139ms to complete.
[2022.03.21-16.51.46:322][  0]LogFileHelpers: Loading map 'Template_Default' took 5.498
[2022.03.21-16.51.46:324][  0]LogUnrealEdMisc: Total Editor Startup Time, took 18.955
[2022.03.21-16.51.55:931][  0]LogSlate: Updating window title bar state: overlay mode, drag disabled, window buttons hidden, title bar hidden
[2022.03.21-16.51.56:994][  0]LogSlate: Updating window title bar state: overlay mode, drag disabled, window buttons hidden, title bar hidden
[2022.03.21-16.51.56:999][  0]LogSlate: Updating window title bar state: overlay mode, drag disabled, window buttons hidden, title bar hidden
[2022.03.21-16.51.57:004][  0]LogSlate: Updating window title bar state: overlay mode, drag disabled, window buttons hidden, title bar hidden
[2022.03.21-16.52.04:975][  0]LogNativeClassHierarchy: Verbose: Native class hierarchy populated in 0.0083 seconds. Added 3822 classes and 928 folders.
[2022.03.21-16.52.05:717][  0]LogNativeClassHierarchy: Verbose: Native class hierarchy updated for 'WidgetCarousel' in 0.0003 seconds. Added 0 classes and 0 folders.
[2022.03.21-16.52.05:719][  0]LogPakFile: PakFile PrimaryIndexSize=187
[2022.03.21-16.52.05:719][  0]LogPakFile: PakFile PathHashIndexSize=101
[2022.03.21-16.52.05:719][  0]LogPakFile: PakFile FullDirectoryIndexSize=148
[2022.03.21-16.52.05:719][  0]LogShaderLibrary: Display: ShaderCodeLibraryPakFileMountedCallback: PakFile 'C:/Program Files (x86)/Epic Games/UE_4.27/FeaturePacks/FP_FirstPerson.upack' (chunk index -1, root 'root:/') mounted
[2022.03.21-16.52.05:719][  0]LogShaderLibrary: Display: ShaderCodeLibraryPakFileMountedCallback: pending pak file info (ChunkID:-1 Root:root:/ File:C:/Program Files (x86)/Epic Games/UE_4.27/FeaturePacks/FP_FirstPerson.upack)
[2022.03.21-16.52.05:719][  0]LogPakFile: OnPakFileMounted2Time == 0.000054
[2022.03.21-16.52.05:719][  0]LogPakFile: PakFile PrimaryIndexSize=189
[2022.03.21-16.52.05:719][  0]LogPakFile: PakFile PathHashIndexSize=101
[2022.03.21-16.52.05:719][  0]LogPakFile: PakFile FullDirectoryIndexSize=152
[2022.03.21-16.52.05:719][  0]LogShaderLibrary: Display: ShaderCodeLibraryPakFileMountedCallback: PakFile 'C:/Program Files (x86)/Epic Games/UE_4.27/FeaturePacks/FP_FirstPersonBP.upack' (chunk index -1, root 'root:/') mounted
[2022.03.21-16.52.05:719][  0]LogShaderLibrary: Display: ShaderCodeLibraryPakFileMountedCallback: pending pak file info (ChunkID:-1 Root:root:/ File:C:/Program Files (x86)/Epic Games/UE_4.27/FeaturePacks/FP_FirstPersonBP.upack)
[2022.03.21-16.52.05:719][  0]LogPakFile: OnPakFileMounted2Time == 0.000034
[2022.03.21-16.52.05:720][  0]LogPakFile: PakFile PrimaryIndexSize=191
[2022.03.21-16.52.05:720][  0]LogPakFile: PakFile PathHashIndexSize=101
[2022.03.21-16.52.05:720][  0]LogPakFile: PakFile FullDirectoryIndexSize=160
[2022.03.21-16.52.05:720][  0]LogShaderLibrary: Display: ShaderCodeLibraryPakFileMountedCallback: PakFile 'C:/Program Files (x86)/Epic Games/UE_4.27/FeaturePacks/MobileStarterContent.upack' (chunk index -1, root 'root:/') mounted
[2022.03.21-16.52.05:720][  0]LogShaderLibrary: Display: ShaderCodeLibraryPakFileMountedCallback: pending pak file info (ChunkID:-1 Root:root:/ File:C:/Program Files (x86)/Epic Games/UE_4.27/FeaturePacks/MobileStarterContent.upack)
[2022.03.21-16.52.05:720][  0]LogPakFile: OnPakFileMounted2Time == 0.000032
[2022.03.21-16.52.05:720][  0]LogPakFile: PakFile PrimaryIndexSize=185
[2022.03.21-16.52.05:720][  0]LogPakFile: PakFile PathHashIndexSize=101
[2022.03.21-16.52.05:720][  0]LogPakFile: PakFile FullDirectoryIndexSize=148
[2022.03.21-16.52.05:720][  0]LogShaderLibrary: Display: ShaderCodeLibraryPakFileMountedCallback: PakFile 'C:/Program Files (x86)/Epic Games/UE_4.27/FeaturePacks/StarterContent.upack' (chunk index -1, root 'root:/') mounted
[2022.03.21-16.52.05:720][  0]LogShaderLibrary: Display: ShaderCodeLibraryPakFileMountedCallback: pending pak file info (ChunkID:-1 Root:root:/ File:C:/Program Files (x86)/Epic Games/UE_4.27/FeaturePacks/StarterContent.upack)
[2022.03.21-16.52.05:720][  0]LogPakFile: OnPakFileMounted2Time == 0.000035
[2022.03.21-16.52.05:721][  0]LogPakFile: PakFile PrimaryIndexSize=190
[2022.03.21-16.52.05:721][  0]LogPakFile: PakFile PathHashIndexSize=101
[2022.03.21-16.52.05:721][  0]LogPakFile: PakFile FullDirectoryIndexSize=154
[2022.03.21-16.52.05:721][  0]LogShaderLibrary: Display: ShaderCodeLibraryPakFileMountedCallback: PakFile 'C:/Program Files (x86)/Epic Games/UE_4.27/FeaturePacks/TP_2DSideScroller.upack' (chunk index -1, root 'root:/') mounted
[2022.03.21-16.52.05:721][  0]LogShaderLibrary: Display: ShaderCodeLibraryPakFileMountedCallback: pending pak file info (ChunkID:-1 Root:root:/ File:C:/Program Files (x86)/Epic Games/UE_4.27/FeaturePacks/TP_2DSideScroller.upack)
[2022.03.21-16.52.05:721][  0]LogPakFile: OnPakFileMounted2Time == 0.000031
[2022.03.21-16.52.05:721][  0]LogPakFile: PakFile PrimaryIndexSize=192
[2022.03.21-16.52.05:721][  0]LogPakFile: PakFile PathHashIndexSize=101
[2022.03.21-16.52.05:721][  0]LogPakFile: PakFile FullDirectoryIndexSize=158
[2022.03.21-16.52.05:721][  0]LogShaderLibrary: Display: ShaderCodeLibraryPakFileMountedCallback: PakFile 'C:/Program Files (x86)/Epic Games/UE_4.27/FeaturePacks/TP_2DSideScrollerBP.upack' (chunk index -1, root 'root:/') mounted
[2022.03.21-16.52.05:721][  0]LogShaderLibrary: Display: ShaderCodeLibraryPakFileMountedCallback: pending pak file info (ChunkID:-1 Root:root:/ File:C:/Program Files (x86)/Epic Games/UE_4.27/FeaturePacks/TP_2DSideScrollerBP.upack)
[2022.03.21-16.52.05:721][  0]LogPakFile: OnPakFileMounted2Time == 0.000031
[2022.03.21-16.52.05:722][  0]LogPakFile: PakFile PrimaryIndexSize=182
[2022.03.21-16.52.05:722][  0]LogPakFile: PakFile PathHashIndexSize=101
[2022.03.21-16.52.05:722][  0]LogPakFile: PakFile FullDirectoryIndexSize=138
[2022.03.21-16.52.05:722][  0]LogShaderLibrary: Display: ShaderCodeLibraryPakFileMountedCallback: PakFile 'C:/Program Files (x86)/Epic Games/UE_4.27/FeaturePacks/TP_Flying.upack' (chunk index -1, root 'root:/') mounted
[2022.03.21-16.52.05:722][  0]LogShaderLibrary: Display: ShaderCodeLibraryPakFileMountedCallback: pending pak file info (ChunkID:-1 Root:root:/ File:C:/Program Files (x86)/Epic Games/UE_4.27/FeaturePacks/TP_Flying.upack)
[2022.03.21-16.52.05:722][  0]LogPakFile: OnPakFileMounted2Time == 0.000031
[2022.03.21-16.52.05:722][  0]LogPakFile: PakFile PrimaryIndexSize=184
[2022.03.21-16.52.05:722][  0]LogPakFile: PakFile PathHashIndexSize=101
[2022.03.21-16.52.05:722][  0]LogPakFile: PakFile FullDirectoryIndexSize=142
[2022.03.21-16.52.05:722][  0]LogShaderLibrary: Display: ShaderCodeLibraryPakFileMountedCallback: PakFile 'C:/Program Files (x86)/Epic Games/UE_4.27/FeaturePacks/TP_FlyingBP.upack' (chunk index -1, root 'root:/') mounted
[2022.03.21-16.52.05:722][  0]LogShaderLibrary: Display: ShaderCodeLibraryPakFileMountedCallback: pending pak file info (ChunkID:-1 Root:root:/ File:C:/Program Files (x86)/Epic Games/UE_4.27/FeaturePacks/TP_FlyingBP.upack)
[2022.03.21-16.52.05:722][  0]LogPakFile: OnPakFileMounted2Time == 0.000031
[2022.03.21-16.52.05:723][  0]LogPakFile: PakFile PrimaryIndexSize=188
[2022.03.21-16.52.05:723][  0]LogPakFile: PakFile PathHashIndexSize=101
[2022.03.21-16.52.05:723][  0]LogPakFile: PakFile FullDirectoryIndexSize=150
[2022.03.21-16.52.05:723][  0]LogShaderLibrary: Display: ShaderCodeLibraryPakFileMountedCallback: PakFile 'C:/Program Files (x86)/Epic Games/UE_4.27/FeaturePacks/TP_HandheldARBP.upack' (chunk index -1, root 'root:/') mounted
[2022.03.21-16.52.05:723][  0]LogShaderLibrary: Display: ShaderCodeLibraryPakFileMountedCallback: pending pak file info (ChunkID:-1 Root:root:/ File:C:/Program Files (x86)/Epic Games/UE_4.27/FeaturePacks/TP_HandheldARBP.upack)
[2022.03.21-16.52.05:723][  0]LogPakFile: OnPakFileMounted2Time == 0.000031
[2022.03.21-16.52.05:723][  0]LogPakFile: PakFile PrimaryIndexSize=182
[2022.03.21-16.52.05:723][  0]LogPakFile: PakFile PathHashIndexSize=101
[2022.03.21-16.52.05:723][  0]LogPakFile: PakFile FullDirectoryIndexSize=138
[2022.03.21-16.52.05:723][  0]LogShaderLibrary: Display: ShaderCodeLibraryPakFileMountedCallback: PakFile 'C:/Program Files (x86)/Epic Games/UE_4.27/FeaturePacks/TP_Puzzle.upack' (chunk index -1, root 'root:/') mounted
[2022.03.21-16.52.05:723][  0]LogShaderLibrary: Display: ShaderCodeLibraryPakFileMountedCallback: pending pak file info (ChunkID:-1 Root:root:/ File:C:/Program Files (x86)/Epic Games/UE_4.27/FeaturePacks/TP_Puzzle.upack)
[2022.03.21-16.52.05:723][  0]LogPakFile: OnPakFileMounted2Time == 0.000031
[2022.03.21-16.52.05:724][  0]LogPakFile: PakFile PrimaryIndexSize=184
[2022.03.21-16.52.05:724][  0]LogPakFile: PakFile PathHashIndexSize=101
[2022.03.21-16.52.05:724][  0]LogPakFile: PakFile FullDirectoryIndexSize=142
[2022.03.21-16.52.05:724][  0]LogShaderLibrary: Display: ShaderCodeLibraryPakFileMountedCallback: PakFile 'C:/Program Files (x86)/Epic Games/UE_4.27/FeaturePacks/TP_PuzzleBP.upack' (chunk index -1, root 'root:/') mounted
[2022.03.21-16.52.05:724][  0]LogShaderLibrary: Display: ShaderCodeLibraryPakFileMountedCallback: pending pak file info (ChunkID:-1 Root:root:/ File:C:/Program Files (x86)/Epic Games/UE_4.27/FeaturePacks/TP_PuzzleBP.upack)
[2022.03.21-16.52.05:724][  0]LogPakFile: OnPakFileMounted2Time == 0.000031
[2022.03.21-16.52.05:724][  0]LogPakFile: PakFile PrimaryIndexSize=183
[2022.03.21-16.52.05:724][  0]LogPakFile: PakFile PathHashIndexSize=101
[2022.03.21-16.52.05:724][  0]LogPakFile: PakFile FullDirectoryIndexSize=140
[2022.03.21-16.52.05:724][  0]LogShaderLibrary: Display: ShaderCodeLibraryPakFileMountedCallback: PakFile 'C:/Program Files (x86)/Epic Games/UE_4.27/FeaturePacks/TP_Rolling.upack' (chunk index -1, root 'root:/') mounted
[2022.03.21-16.52.05:724][  0]LogShaderLibrary: Display: ShaderCodeLibraryPakFileMountedCallback: pending pak file info (ChunkID:-1 Root:root:/ File:C:/Program Files (x86)/Epic Games/UE_4.27/FeaturePacks/TP_Rolling.upack)
[2022.03.21-16.52.05:724][  0]LogPakFile: OnPakFileMounted2Time == 0.000036
[2022.03.21-16.52.05:725][  0]LogPakFile: PakFile PrimaryIndexSize=185
[2022.03.21-16.52.05:725][  0]LogPakFile: PakFile PathHashIndexSize=101
[2022.03.21-16.52.05:725][  0]LogPakFile: PakFile FullDirectoryIndexSize=144
[2022.03.21-16.52.05:725][  0]LogShaderLibrary: Display: ShaderCodeLibraryPakFileMountedCallback: PakFile 'C:/Program Files (x86)/Epic Games/UE_4.27/FeaturePacks/TP_RollingBP.upack' (chunk index -1, root 'root:/') mounted
[2022.03.21-16.52.05:725][  0]LogShaderLibrary: Display: ShaderCodeLibraryPakFileMountedCallback: pending pak file info (ChunkID:-1 Root:root:/ File:C:/Program Files (x86)/Epic Games/UE_4.27/FeaturePacks/TP_RollingBP.upack)
[2022.03.21-16.52.05:725][  0]LogPakFile: OnPakFileMounted2Time == 0.000033
[2022.03.21-16.52.05:725][  0]LogPakFile: PakFile PrimaryIndexSize=188
[2022.03.21-16.52.05:725][  0]LogPakFile: PakFile PathHashIndexSize=101
[2022.03.21-16.52.05:725][  0]LogPakFile: PakFile FullDirectoryIndexSize=150
[2022.03.21-16.52.05:725][  0]LogShaderLibrary: Display: ShaderCodeLibraryPakFileMountedCallback: PakFile 'C:/Program Files (x86)/Epic Games/UE_4.27/FeaturePacks/TP_SideScroller.upack' (chunk index -1, root 'root:/') mounted
[2022.03.21-16.52.05:725][  0]LogShaderLibrary: Display: ShaderCodeLibraryPakFileMountedCallback: pending pak file info (ChunkID:-1 Root:root:/ File:C:/Program Files (x86)/Epic Games/UE_4.27/FeaturePacks/TP_SideScroller.upack)
[2022.03.21-16.52.05:725][  0]LogPakFile: OnPakFileMounted2Time == 0.000031
[2022.03.21-16.52.05:726][  0]LogPakFile: PakFile PrimaryIndexSize=190
[2022.03.21-16.52.05:726][  0]LogPakFile: PakFile PathHashIndexSize=101
[2022.03.21-16.52.05:726][  0]LogPakFile: PakFile FullDirectoryIndexSize=154
[2022.03.21-16.52.05:726][  0]LogShaderLibrary: Display: ShaderCodeLibraryPakFileMountedCallback: PakFile 'C:/Program Files (x86)/Epic Games/UE_4.27/FeaturePacks/TP_SideScrollerBP.upack' (chunk index -1, root 'root:/') mounted
[2022.03.21-16.52.05:726][  0]LogShaderLibrary: Display: ShaderCodeLibraryPakFileMountedCallback: pending pak file info (ChunkID:-1 Root:root:/ File:C:/Program Files (x86)/Epic Games/UE_4.27/FeaturePacks/TP_SideScrollerBP.upack)
[2022.03.21-16.52.05:726][  0]LogPakFile: OnPakFileMounted2Time == 0.000031
[2022.03.21-16.52.05:726][  0]LogPakFile: PakFile PrimaryIndexSize=187
[2022.03.21-16.52.05:726][  0]LogPakFile: PakFile PathHashIndexSize=101
[2022.03.21-16.52.05:726][  0]LogPakFile: PakFile FullDirectoryIndexSize=148
[2022.03.21-16.52.05:726][  0]LogShaderLibrary: Display: ShaderCodeLibraryPakFileMountedCallback: PakFile 'C:/Program Files (x86)/Epic Games/UE_4.27/FeaturePacks/TP_ThirdPerson.upack' (chunk index -1, root 'root:/') mounted
[2022.03.21-16.52.05:726][  0]LogShaderLibrary: Display: ShaderCodeLibraryPakFileMountedCallback: pending pak file info (ChunkID:-1 Root:root:/ File:C:/Program Files (x86)/Epic Games/UE_4.27/FeaturePacks/TP_ThirdPerson.upack)
[2022.03.21-16.52.05:726][  0]LogPakFile: OnPakFileMounted2Time == 0.000031
[2022.03.21-16.52.05:727][  0]LogPakFile: PakFile PrimaryIndexSize=189
[2022.03.21-16.52.05:727][  0]LogPakFile: PakFile PathHashIndexSize=101
[2022.03.21-16.52.05:727][  0]LogPakFile: PakFile FullDirectoryIndexSize=152
[2022.03.21-16.52.05:727][  0]LogShaderLibrary: Display: ShaderCodeLibraryPakFileMountedCallback: PakFile 'C:/Program Files (x86)/Epic Games/UE_4.27/FeaturePacks/TP_ThirdPersonBP.upack' (chunk index -1, root 'root:/') mounted
[2022.03.21-16.52.05:727][  0]LogShaderLibrary: Display: ShaderCodeLibraryPakFileMountedCallback: pending pak file info (ChunkID:-1 Root:root:/ File:C:/Program Files (x86)/Epic Games/UE_4.27/FeaturePacks/TP_ThirdPersonBP.upack)
[2022.03.21-16.52.05:727][  0]LogPakFile: OnPakFileMounted2Time == 0.000030
[2022.03.21-16.52.05:727][  0]LogPakFile: PakFile PrimaryIndexSize=183
[2022.03.21-16.52.05:727][  0]LogPakFile: PakFile PathHashIndexSize=101
[2022.03.21-16.52.05:727][  0]LogPakFile: PakFile FullDirectoryIndexSize=140
[2022.03.21-16.52.05:727][  0]LogShaderLibrary: Display: ShaderCodeLibraryPakFileMountedCallback: PakFile 'C:/Program Files (x86)/Epic Games/UE_4.27/FeaturePacks/TP_TopDown.upack' (chunk index -1, root 'root:/') mounted
[2022.03.21-16.52.05:727][  0]LogShaderLibrary: Display: ShaderCodeLibraryPakFileMountedCallback: pending pak file info (ChunkID:-1 Root:root:/ File:C:/Program Files (x86)/Epic Games/UE_4.27/FeaturePacks/TP_TopDown.upack)
[2022.03.21-16.52.05:727][  0]LogPakFile: OnPakFileMounted2Time == 0.000037
[2022.03.21-16.52.05:728][  0]LogPakFile: PakFile PrimaryIndexSize=185
[2022.03.21-16.52.05:728][  0]LogPakFile: PakFile PathHashIndexSize=101
[2022.03.21-16.52.05:728][  0]LogPakFile: PakFile FullDirectoryIndexSize=144
[2022.03.21-16.52.05:728][  0]LogShaderLibrary: Display: ShaderCodeLibraryPakFileMountedCallback: PakFile 'C:/Program Files (x86)/Epic Games/UE_4.27/FeaturePacks/TP_TopDownBP.upack' (chunk index -1, root 'root:/') mounted
[2022.03.21-16.52.05:728][  0]LogShaderLibrary: Display: ShaderCodeLibraryPakFileMountedCallback: pending pak file info (ChunkID:-1 Root:root:/ File:C:/Program Files (x86)/Epic Games/UE_4.27/FeaturePacks/TP_TopDownBP.upack)
[2022.03.21-16.52.05:728][  0]LogPakFile: OnPakFileMounted2Time == 0.000031
[2022.03.21-16.52.05:728][  0]LogPakFile: PakFile PrimaryIndexSize=185
[2022.03.21-16.52.05:728][  0]LogPakFile: PakFile PathHashIndexSize=101
[2022.03.21-16.52.05:728][  0]LogPakFile: PakFile FullDirectoryIndexSize=144
[2022.03.21-16.52.05:728][  0]LogShaderLibrary: Display: ShaderCodeLibraryPakFileMountedCallback: PakFile 'C:/Program Files (x86)/Epic Games/UE_4.27/FeaturePacks/TP_TwinStick.upack' (chunk index -1, root 'root:/') mounted
[2022.03.21-16.52.05:728][  0]LogShaderLibrary: Display: ShaderCodeLibraryPakFileMountedCallback: pending pak file info (ChunkID:-1 Root:root:/ File:C:/Program Files (x86)/Epic Games/UE_4.27/FeaturePacks/TP_TwinStick.upack)
[2022.03.21-16.52.05:728][  0]LogPakFile: OnPakFileMounted2Time == 0.000030
[2022.03.21-16.52.05:729][  0]LogPakFile: PakFile PrimaryIndexSize=187
[2022.03.21-16.52.05:729][  0]LogPakFile: PakFile PathHashIndexSize=101
[2022.03.21-16.52.05:729][  0]LogPakFile: PakFile FullDirectoryIndexSize=148
[2022.03.21-16.52.05:729][  0]LogShaderLibrary: Display: ShaderCodeLibraryPakFileMountedCallback: PakFile 'C:/Program Files (x86)/Epic Games/UE_4.27/FeaturePacks/TP_TwinStickBP.upack' (chunk index -1, root 'root:/') mounted
[2022.03.21-16.52.05:729][  0]LogShaderLibrary: Display: ShaderCodeLibraryPakFileMountedCallback: pending pak file info (ChunkID:-1 Root:root:/ File:C:/Program Files (x86)/Epic Games/UE_4.27/FeaturePacks/TP_TwinStickBP.upack)
[2022.03.21-16.52.05:729][  0]LogPakFile: OnPakFileMounted2Time == 0.000034
[2022.03.21-16.52.05:729][  0]LogPakFile: PakFile PrimaryIndexSize=183
[2022.03.21-16.52.05:729][  0]LogPakFile: PakFile PathHashIndexSize=101
[2022.03.21-16.52.05:729][  0]LogPakFile: PakFile FullDirectoryIndexSize=140
[2022.03.21-16.52.05:729][  0]LogShaderLibrary: Display: ShaderCodeLibraryPakFileMountedCallback: PakFile 'C:/Program Files (x86)/Epic Games/UE_4.27/FeaturePacks/TP_Vehicle.upack' (chunk index -1, root 'root:/') mounted
[2022.03.21-16.52.05:729][  0]LogShaderLibrary: Display: ShaderCodeLibraryPakFileMountedCallback: pending pak file info (ChunkID:-1 Root:root:/ File:C:/Program Files (x86)/Epic Games/UE_4.27/FeaturePacks/TP_Vehicle.upack)
[2022.03.21-16.52.05:729][  0]LogPakFile: OnPakFileMounted2Time == 0.000031
[2022.03.21-16.52.05:730][  0]LogPakFile: PakFile PrimaryIndexSize=186
[2022.03.21-16.52.05:730][  0]LogPakFile: PakFile PathHashIndexSize=101
[2022.03.21-16.52.05:730][  0]LogPakFile: PakFile FullDirectoryIndexSize=146
[2022.03.21-16.52.05:730][  0]LogShaderLibrary: Display: ShaderCodeLibraryPakFileMountedCallback: PakFile 'C:/Program Files (x86)/Epic Games/UE_4.27/FeaturePacks/TP_VehicleAdv.upack' (chunk index -1, root 'root:/') mounted
[2022.03.21-16.52.05:730][  0]LogShaderLibrary: Display: ShaderCodeLibraryPakFileMountedCallback: pending pak file info (ChunkID:-1 Root:root:/ File:C:/Program Files (x86)/Epic Games/UE_4.27/FeaturePacks/TP_VehicleAdv.upack)
[2022.03.21-16.52.05:730][  0]LogPakFile: OnPakFileMounted2Time == 0.000033
[2022.03.21-16.52.05:730][  0]LogPakFile: PakFile PrimaryIndexSize=188
[2022.03.21-16.52.05:730][  0]LogPakFile: PakFile PathHashIndexSize=101
[2022.03.21-16.52.05:730][  0]LogPakFile: PakFile FullDirectoryIndexSize=150
[2022.03.21-16.52.05:730][  0]LogShaderLibrary: Display: ShaderCodeLibraryPakFileMountedCallback: PakFile 'C:/Program Files (x86)/Epic Games/UE_4.27/FeaturePacks/TP_VehicleAdvBP.upack' (chunk index -1, root 'root:/') mounted
[2022.03.21-16.52.05:730][  0]LogShaderLibrary: Display: ShaderCodeLibraryPakFileMountedCallback: pending pak file info (ChunkID:-1 Root:root:/ File:C:/Program Files (x86)/Epic Games/UE_4.27/FeaturePacks/TP_VehicleAdvBP.upack)
[2022.03.21-16.52.05:730][  0]LogPakFile: OnPakFileMounted2Time == 0.000031
[2022.03.21-16.52.05:731][  0]LogPakFile: PakFile PrimaryIndexSize=185
[2022.03.21-16.52.05:731][  0]LogPakFile: PakFile PathHashIndexSize=101
[2022.03.21-16.52.05:731][  0]LogPakFile: PakFile FullDirectoryIndexSize=144
[2022.03.21-16.52.05:731][  0]LogShaderLibrary: Display: ShaderCodeLibraryPakFileMountedCallback: PakFile 'C:/Program Files (x86)/Epic Games/UE_4.27/FeaturePacks/TP_VehicleBP.upack' (chunk index -1, root 'root:/') mounted
[2022.03.21-16.52.05:731][  0]LogShaderLibrary: Display: ShaderCodeLibraryPakFileMountedCallback: pending pak file info (ChunkID:-1 Root:root:/ File:C:/Program Files (x86)/Epic Games/UE_4.27/FeaturePacks/TP_VehicleBP.upack)
[2022.03.21-16.52.05:731][  0]LogPakFile: OnPakFileMounted2Time == 0.000031
[2022.03.21-16.52.05:731][  0]LogPakFile: PakFile PrimaryIndexSize=192
[2022.03.21-16.52.05:731][  0]LogPakFile: PakFile PathHashIndexSize=101
[2022.03.21-16.52.05:731][  0]LogPakFile: PakFile FullDirectoryIndexSize=158
[2022.03.21-16.52.05:731][  0]LogShaderLibrary: Display: ShaderCodeLibraryPakFileMountedCallback: PakFile 'C:/Program Files (x86)/Epic Games/UE_4.27/FeaturePacks/TP_VirtualRealityBP.upack' (chunk index -1, root 'root:/') mounted
[2022.03.21-16.52.05:731][  0]LogShaderLibrary: Display: ShaderCodeLibraryPakFileMountedCallback: pending pak file info (ChunkID:-1 Root:root:/ File:C:/Program Files (x86)/Epic Games/UE_4.27/FeaturePacks/TP_VirtualRealityBP.upack)
[2022.03.21-16.52.05:731][  0]LogPakFile: OnPakFileMounted2Time == 0.000031
[2022.03.21-16.52.05:772][  0]LogNativeClassHierarchy: Verbose: Native class hierarchy updated for 'AddContentDialog' in 0.0003 seconds. Added 0 classes and 0 folders.
[2022.03.21-16.52.06:303][  0]LogNativeClassHierarchy: Verbose: Native class hierarchy updated for 'SceneOutliner' in 0.0003 seconds. Added 2 classes and 0 folders.
[2022.03.21-16.52.10:361][  0]LogSlate: Took 0.000117 seconds to synchronously load lazily loaded font '../../../Engine/Content/Slate/Fonts/Roboto-Regular.ttf' (155K)
[2022.03.21-16.52.10:396][  0]LogSlate: Took 0.034462 seconds to synchronously load lazily loaded font '../../../Engine/Content/Editor/Slate/Fonts/FontAwesome.ttf' (139K)
[2022.03.21-16.52.10:418][  0]LogSlate: Took 0.000158 seconds to synchronously load lazily loaded font '../../../Engine/Content/Slate/Fonts/Roboto-Bold.ttf' (160K)
[2022.03.21-16.52.11:497][  0]LogRenderer: Reallocating scene render targets to support 884x456 Format 10 NumSamples 1 (Frame:1).
[2022.03.21-16.52.13:052][  0]LogNativeClassHierarchy: Verbose: Native class hierarchy updated for 'HierarchicalLODOutliner' in 0.0002 seconds. Added 0 classes and 0 folders.
[2022.03.21-16.52.13:052][  0]LogLoad: (Engine Initialization) Total time: 45.68 seconds
[2022.03.21-16.52.13:052][  0]LogLoad: (Engine Initialization) Total Blueprint compile time: 0.00 seconds
[2022.03.21-16.52.13:191][  0]LogAssetRegistry: Asset discovery search completed in 42.7544 seconds
[2022.03.21-16.52.13:195][  0]LogCollectionManager: Fixed up redirectors for 0 collections in 0.000003 seconds (updated 0 objects)
[2022.03.21-16.52.13:197][  0]LogContentStreaming: Texture pool size now 1000 MB
